  C:\Users\SANDR\OneDrive\Desktop\Quest2-wError\quest-2-sdl2-crack_the_hack_schacht_juarez-main\InprogressQuest\quest-2-sdl2-crack_the_hack_schacht_juarez-main\Level 1 Assignment\Third Party\SDL2_image-2.0.5\lib\x64\libjpeg-9.dll
  C:\Users\SANDR\OneDrive\Desktop\Quest2-wError\quest-2-sdl2-crack_the_hack_schacht_juarez-main\InprogressQuest\quest-2-sdl2-crack_the_hack_schacht_juarez-main\Level 1 Assignment\Third Party\SDL2_image-2.0.5\lib\x64\libpng16-16.dll
  C:\Users\SANDR\OneDrive\Desktop\Quest2-wError\quest-2-sdl2-crack_the_hack_schacht_juarez-main\InprogressQuest\quest-2-sdl2-crack_the_hack_schacht_juarez-main\Level 1 Assignment\Third Party\SDL2_image-2.0.5\lib\x64\libtiff-5.dll
  C:\Users\SANDR\OneDrive\Desktop\Quest2-wError\quest-2-sdl2-crack_the_hack_schacht_juarez-main\InprogressQuest\quest-2-sdl2-crack_the_hack_schacht_juarez-main\Level 1 Assignment\Third Party\SDL2_image-2.0.5\lib\x64\libwebp-7.dll
  C:\Users\SANDR\OneDrive\Desktop\Quest2-wError\quest-2-sdl2-crack_the_hack_schacht_juarez-main\InprogressQuest\quest-2-sdl2-crack_the_hack_schacht_juarez-main\Level 1 Assignment\Third Party\SDL2_image-2.0.5\lib\x64\SDL2_image.dll
  C:\Users\SANDR\OneDrive\Desktop\Quest2-wError\quest-2-sdl2-crack_the_hack_schacht_juarez-main\InprogressQuest\quest-2-sdl2-crack_the_hack_schacht_juarez-main\Level 1 Assignment\Third Party\SDL2_image-2.0.5\lib\x64\zlib1.dll
          1 file(s) copied.
  C:\Users\SANDR\OneDrive\Desktop\Quest2-wError\quest-2-sdl2-crack_the_hack_schacht_juarez-main\InprogressQuest\quest-2-sdl2-crack_the_hack_schacht_juarez-main\Level 1 Assignment\Third Party\SDL2-2.0.14\lib\x64\SDL2.dll
          1 file(s) copied.
  AssetLibrary.cpp
C:\Users\SANDR\OneDrive\Desktop\Quest2-wError\quest-2-sdl2-crack_the_hack_schacht_juarez-main\InprogressQuest\quest-2-sdl2-crack_the_hack_schacht_juarez-main\Level 1 Assignment\Source\ResourceManager.h(45,10): error C3646: 'FPS': unknown override specifier
C:\Users\SANDR\OneDrive\Desktop\Quest2-wError\quest-2-sdl2-crack_the_hack_schacht_juarez-main\InprogressQuest\quest-2-sdl2-crack_the_hack_schacht_juarez-main\Level 1 Assignment\Source\ResourceManager.h(45,10): error C2059: syntax error: '{'
C:\Users\SANDR\OneDrive\Desktop\Quest2-wError\quest-2-sdl2-crack_the_hack_schacht_juarez-main\InprogressQuest\quest-2-sdl2-crack_the_hack_schacht_juarez-main\Level 1 Assignment\Source\ResourceManager.h(45,10): error C2334: unexpected token(s) preceding '{'; skipping apparent function body
C:\Users\SANDR\OneDrive\Desktop\Quest2-wError\quest-2-sdl2-crack_the_hack_schacht_juarez-main\InprogressQuest\quest-2-sdl2-crack_the_hack_schacht_juarez-main\Level 1 Assignment\Source\Object.h(22,33): error C2039: 'Initializers': is not a member of 'ObjectFactory'
C:\Users\SANDR\OneDrive\Desktop\Quest2-wError\quest-2-sdl2-crack_the_hack_schacht_juarez-main\InprogressQuest\quest-2-sdl2-crack_the_hack_schacht_juarez-main\Level 1 Assignment\Source\ObjectFactory.h(13): message : see declaration of 'ObjectFactory'
C:\Users\SANDR\OneDrive\Desktop\Quest2-wError\quest-2-sdl2-crack_the_hack_schacht_juarez-main\InprogressQuest\quest-2-sdl2-crack_the_hack_schacht_juarez-main\Level 1 Assignment\Source\Object.h(22,46): error C2061: syntax error: identifier 'Initializers'
C:\Users\SANDR\OneDrive\Desktop\Quest2-wError\quest-2-sdl2-crack_the_hack_schacht_juarez-main\InprogressQuest\quest-2-sdl2-crack_the_hack_schacht_juarez-main\Level 1 Assignment\Source\AssetLibrary.cpp(8,15): error C2533: 'AssetLibrary::{ctor}': constructors not allowed a return type
C:\Users\SANDR\OneDrive\Desktop\Quest2-wError\quest-2-sdl2-crack_the_hack_schacht_juarez-main\InprogressQuest\quest-2-sdl2-crack_the_hack_schacht_juarez-main\Level 1 Assignment\Source\AssetLibrary.cpp(26,25): error C2039: 'initialized': is not a member of 'Texture'
C:\Users\SANDR\OneDrive\Desktop\Quest2-wError\quest-2-sdl2-crack_the_hack_schacht_juarez-main\InprogressQuest\quest-2-sdl2-crack_the_hack_schacht_juarez-main\Level 1 Assignment\Source\Initializers.h(10): message : see declaration of 'Texture'
  BodyComponent.cpp
C:\Users\SANDR\OneDrive\Desktop\Quest2-wError\quest-2-sdl2-crack_the_hack_schacht_juarez-main\InprogressQuest\quest-2-sdl2-crack_the_hack_schacht_juarez-main\Level 1 Assignment\Source\BodyComponent.h(4,40): error C2504: 'Component': base class undefined
  Component.cpp
C:\Users\SANDR\OneDrive\Desktop\Quest2-wError\quest-2-sdl2-crack_the_hack_schacht_juarez-main\InprogressQuest\quest-2-sdl2-crack_the_hack_schacht_juarez-main\Level 1 Assignment\Source\Object.h(22,33): error C2039: 'Initializers': is not a member of 'ObjectFactory'
C:\Users\SANDR\OneDrive\Desktop\Quest2-wError\quest-2-sdl2-crack_the_hack_schacht_juarez-main\InprogressQuest\quest-2-sdl2-crack_the_hack_schacht_juarez-main\Level 1 Assignment\Source\ObjectFactory.h(13): message : see declaration of 'ObjectFactory'
C:\Users\SANDR\OneDrive\Desktop\Quest2-wError\quest-2-sdl2-crack_the_hack_schacht_juarez-main\InprogressQuest\quest-2-sdl2-crack_the_hack_schacht_juarez-main\Level 1 Assignment\Source\Object.h(22,46): error C2061: syntax error: identifier 'Initializers'
C:\Users\SANDR\OneDrive\Desktop\Quest2-wError\quest-2-sdl2-crack_the_hack_schacht_juarez-main\InprogressQuest\quest-2-sdl2-crack_the_hack_schacht_juarez-main\Level 1 Assignment\Source\Component.h(6,1): error C2236: unexpected token 'class'. Did you forget a ';'?
  Engine.cpp
C:\Users\SANDR\OneDrive\Desktop\Quest2-wError\quest-2-sdl2-crack_the_hack_schacht_juarez-main\InprogressQuest\quest-2-sdl2-crack_the_hack_schacht_juarez-main\Level 1 Assignment\Source\Object.h(22,33): error C2039: 'Initializers': is not a member of 'ObjectFactory'
C:\Users\SANDR\OneDrive\Desktop\Quest2-wError\quest-2-sdl2-crack_the_hack_schacht_juarez-main\InprogressQuest\quest-2-sdl2-crack_the_hack_schacht_juarez-main\Level 1 Assignment\Source\ObjectFactory.h(13): message : see declaration of 'ObjectFactory'
C:\Users\SANDR\OneDrive\Desktop\Quest2-wError\quest-2-sdl2-crack_the_hack_schacht_juarez-main\InprogressQuest\quest-2-sdl2-crack_the_hack_schacht_juarez-main\Level 1 Assignment\Source\Object.h(22,46): error C2061: syntax error: identifier 'Initializers'
C:\Users\SANDR\OneDrive\Desktop\Quest2-wError\quest-2-sdl2-crack_the_hack_schacht_juarez-main\InprogressQuest\quest-2-sdl2-crack_the_hack_schacht_juarez-main\Level 1 Assignment\Source\Engine.h(9,1): error C2236: unexpected token 'class'. Did you forget a ';'?
C:\Users\SANDR\OneDrive\Desktop\Quest2-wError\quest-2-sdl2-crack_the_hack_schacht_juarez-main\InprogressQuest\quest-2-sdl2-crack_the_hack_schacht_juarez-main\Level 1 Assignment\Source\Engine.h(9,14): error C2059: syntax error: '{'
C:\Users\SANDR\OneDrive\Desktop\Quest2-wError\quest-2-sdl2-crack_the_hack_schacht_juarez-main\InprogressQuest\quest-2-sdl2-crack_the_hack_schacht_juarez-main\Level 1 Assignment\Source\Engine.h(9,14): error C2143: syntax error: missing ';' before '{'
C:\Users\SANDR\OneDrive\Desktop\Quest2-wError\quest-2-sdl2-crack_the_hack_schacht_juarez-main\InprogressQuest\quest-2-sdl2-crack_the_hack_schacht_juarez-main\Level 1 Assignment\Source\Engine.h(9,14): error C2447: '{': missing function header (old-style formal list?)
C:\Users\SANDR\OneDrive\Desktop\Quest2-wError\quest-2-sdl2-crack_the_hack_schacht_juarez-main\InprogressQuest\quest-2-sdl2-crack_the_hack_schacht_juarez-main\Level 1 Assignment\Source\Engine.cpp(5,1): error C2653: 'Engine': is not a class or namespace name
C:\Users\SANDR\OneDrive\Desktop\Quest2-wError\quest-2-sdl2-crack_the_hack_schacht_juarez-main\InprogressQuest\quest-2-sdl2-crack_the_hack_schacht_juarez-main\Level 1 Assignment\Source\Engine.cpp(5,38): error C4430: missing type specifier - int assumed. Note: C++ does not support default-int
C:\Users\SANDR\OneDrive\Desktop\Quest2-wError\quest-2-sdl2-crack_the_hack_schacht_juarez-main\InprogressQuest\quest-2-sdl2-crack_the_hack_schacht_juarez-main\Level 1 Assignment\Source\Engine.cpp(6,1): error C2550: 'Engine': constructor initializer lists are only allowed on constructor definitions
C:\Users\SANDR\OneDrive\Desktop\Quest2-wError\quest-2-sdl2-crack_the_hack_schacht_juarez-main\InprogressQuest\quest-2-sdl2-crack_the_hack_schacht_juarez-main\Level 1 Assignment\Source\Engine.cpp(7,2): error C3861: 'loadLevel': identifier not found
C:\Users\SANDR\OneDrive\Desktop\Quest2-wError\quest-2-sdl2-crack_the_hack_schacht_juarez-main\InprogressQuest\quest-2-sdl2-crack_the_hack_schacht_juarez-main\Level 1 Assignment\Source\Engine.cpp(8,1): warning C4508: 'Engine': function should return a value; 'void' return type assumed
C:\Users\SANDR\OneDrive\Desktop\Quest2-wError\quest-2-sdl2-crack_the_hack_schacht_juarez-main\InprogressQuest\quest-2-sdl2-crack_the_hack_schacht_juarez-main\Level 1 Assignment\Source\Engine.cpp(10,6): error C2653: 'Engine': is not a class or namespace name
C:\Users\SANDR\OneDrive\Desktop\Quest2-wError\quest-2-sdl2-crack_the_hack_schacht_juarez-main\InprogressQuest\quest-2-sdl2-crack_the_hack_schacht_juarez-main\Level 1 Assignment\Source\Engine.cpp(28,7): error C2065: 'objectLibrary': undeclared identifier
C:\Users\SANDR\OneDrive\Desktop\Quest2-wError\quest-2-sdl2-crack_the_hack_schacht_juarez-main\InprogressQuest\quest-2-sdl2-crack_the_hack_schacht_juarez-main\Level 1 Assignment\Source\Engine.cpp(28,50): error C2065: 'objectLibrary': undeclared identifier
C:\Users\SANDR\OneDrive\Desktop\Quest2-wError\quest-2-sdl2-crack_the_hack_schacht_juarez-main\InprogressQuest\quest-2-sdl2-crack_the_hack_schacht_juarez-main\Level 1 Assignment\Source\Engine.cpp(29,20): error C2065: 'objectLibrary': undeclared identifier
C:\Users\SANDR\OneDrive\Desktop\Quest2-wError\quest-2-sdl2-crack_the_hack_schacht_juarez-main\InprogressQuest\quest-2-sdl2-crack_the_hack_schacht_juarez-main\Level 1 Assignment\Source\Engine.cpp(33,4): error C2065: 'objects': undeclared identifier
C:\Users\SANDR\OneDrive\Desktop\Quest2-wError\quest-2-sdl2-crack_the_hack_schacht_juarez-main\InprogressQuest\quest-2-sdl2-crack_the_hack_schacht_juarez-main\Level 1 Assignment\Source\Engine.cpp(38,6): error C2653: 'Engine': is not a class or namespace name
C:\Users\SANDR\OneDrive\Desktop\Quest2-wError\quest-2-sdl2-crack_the_hack_schacht_juarez-main\InprogressQuest\quest-2-sdl2-crack_the_hack_schacht_juarez-main\Level 1 Assignment\Source\Engine.cpp(40,22): error C2065: 'objects': undeclared identifier
C:\Users\SANDR\OneDrive\Desktop\Quest2-wError\quest-2-sdl2-crack_the_hack_schacht_juarez-main\InprogressQuest\quest-2-sdl2-crack_the_hack_schacht_juarez-main\Level 1 Assignment\Source\Engine.cpp(40,22): error C2672: 'begin': no matching overloaded function found
C:\Users\SANDR\OneDrive\Desktop\Quest2-wError\quest-2-sdl2-crack_the_hack_schacht_juarez-main\InprogressQuest\quest-2-sdl2-crack_the_hack_schacht_juarez-main\Level 1 Assignment\Source\Engine.cpp(41,2): error C2893: Failed to specialize function template 'unknown-type std::begin(_Container &)'
C:\Program Files (x86)\Microsoft Visual Studio\2019\Community\VC\Tools\MSVC\14.28.29333\include\xutility(2169): message : see declaration of 'std::begin'
C:\Users\SANDR\OneDrive\Desktop\Quest2-wError\quest-2-sdl2-crack_the_hack_schacht_juarez-main\InprogressQuest\quest-2-sdl2-crack_the_hack_schacht_juarez-main\Level 1 Assignment\Source\Engine.cpp(41,2): message : With the following template arguments:
C:\Users\SANDR\OneDrive\Desktop\Quest2-wError\quest-2-sdl2-crack_the_hack_schacht_juarez-main\InprogressQuest\quest-2-sdl2-crack_the_hack_schacht_juarez-main\Level 1 Assignment\Source\Engine.cpp(41,2): message : '_Container=unknown-type'
C:\Users\SANDR\OneDrive\Desktop\Quest2-wError\quest-2-sdl2-crack_the_hack_schacht_juarez-main\InprogressQuest\quest-2-sdl2-crack_the_hack_schacht_juarez-main\Level 1 Assignment\Source\Engine.cpp(41,2): error C2784: 'const _Elem *std::begin(std::initializer_list<_Elem>) noexcept': could not deduce template argument for 'std::initializer_list<_Elem>' from 'unknown-type'
C:\Program Files (x86)\Microsoft Visual Studio\2019\Community\VC\Tools\MSVC\14.28.29333\include\initializer_list(57): message : see declaration of 'std::begin'
C:\Users\SANDR\OneDrive\Desktop\Quest2-wError\quest-2-sdl2-crack_the_hack_schacht_juarez-main\InprogressQuest\quest-2-sdl2-crack_the_hack_schacht_juarez-main\Level 1 Assignment\Source\Engine.cpp(40,22): error C2672: 'end': no matching overloaded function found
C:\Users\SANDR\OneDrive\Desktop\Quest2-wError\quest-2-sdl2-crack_the_hack_schacht_juarez-main\InprogressQuest\quest-2-sdl2-crack_the_hack_schacht_juarez-main\Level 1 Assignment\Source\Engine.cpp(41,2): error C2893: Failed to specialize function template 'unknown-type std::end(_Container &)'
C:\Program Files (x86)\Microsoft Visual Studio\2019\Community\VC\Tools\MSVC\14.28.29333\include\xutility(2179): message : see declaration of 'std::end'
C:\Users\SANDR\OneDrive\Desktop\Quest2-wError\quest-2-sdl2-crack_the_hack_schacht_juarez-main\InprogressQuest\quest-2-sdl2-crack_the_hack_schacht_juarez-main\Level 1 Assignment\Source\Engine.cpp(41,2): message : With the following template arguments:
C:\Users\SANDR\OneDrive\Desktop\Quest2-wError\quest-2-sdl2-crack_the_hack_schacht_juarez-main\InprogressQuest\quest-2-sdl2-crack_the_hack_schacht_juarez-main\Level 1 Assignment\Source\Engine.cpp(41,2): message : '_Container=unknown-type'
C:\Users\SANDR\OneDrive\Desktop\Quest2-wError\quest-2-sdl2-crack_the_hack_schacht_juarez-main\InprogressQuest\quest-2-sdl2-crack_the_hack_schacht_juarez-main\Level 1 Assignment\Source\Engine.cpp(41,2): error C2784: 'const _Elem *std::end(std::initializer_list<_Elem>) noexcept': could not deduce template argument for 'std::initializer_list<_Elem>' from 'unknown-type'
C:\Program Files (x86)\Microsoft Visual Studio\2019\Community\VC\Tools\MSVC\14.28.29333\include\initializer_list(63): message : see declaration of 'std::end'
C:\Users\SANDR\OneDrive\Desktop\Quest2-wError\quest-2-sdl2-crack_the_hack_schacht_juarez-main\InprogressQuest\quest-2-sdl2-crack_the_hack_schacht_juarez-main\Level 1 Assignment\Source\Engine.cpp(41,2): error C3536: '<begin>$L0': cannot be used before it is initialized
C:\Users\SANDR\OneDrive\Desktop\Quest2-wError\quest-2-sdl2-crack_the_hack_schacht_juarez-main\InprogressQuest\quest-2-sdl2-crack_the_hack_schacht_juarez-main\Level 1 Assignment\Source\Engine.cpp(41,2): error C3536: '<end>$L0': cannot be used before it is initialized
C:\Users\SANDR\OneDrive\Desktop\Quest2-wError\quest-2-sdl2-crack_the_hack_schacht_juarez-main\InprogressQuest\quest-2-sdl2-crack_the_hack_schacht_juarez-main\Level 1 Assignment\Source\Engine.cpp(40,29): error C2100: illegal indirection
C:\Users\SANDR\OneDrive\Desktop\Quest2-wError\quest-2-sdl2-crack_the_hack_schacht_juarez-main\InprogressQuest\quest-2-sdl2-crack_the_hack_schacht_juarez-main\Level 1 Assignment\Source\Engine.cpp(50,6): error C2653: 'Engine': is not a class or namespace name
C:\Users\SANDR\OneDrive\Desktop\Quest2-wError\quest-2-sdl2-crack_the_hack_schacht_juarez-main\InprogressQuest\quest-2-sdl2-crack_the_hack_schacht_juarez-main\Level 1 Assignment\Source\Engine.cpp(53,22): error C2065: 'objects': undeclared identifier
C:\Users\SANDR\OneDrive\Desktop\Quest2-wError\quest-2-sdl2-crack_the_hack_schacht_juarez-main\InprogressQuest\quest-2-sdl2-crack_the_hack_schacht_juarez-main\Level 1 Assignment\Source\Engine.cpp(53,22): error C2672: 'begin': no matching overloaded function found
C:\Users\SANDR\OneDrive\Desktop\Quest2-wError\quest-2-sdl2-crack_the_hack_schacht_juarez-main\InprogressQuest\quest-2-sdl2-crack_the_hack_schacht_juarez-main\Level 1 Assignment\Source\Engine.cpp(54,2): error C2893: Failed to specialize function template 'unknown-type std::begin(_Container &)'
C:\Program Files (x86)\Microsoft Visual Studio\2019\Community\VC\Tools\MSVC\14.28.29333\include\xutility(2169): message : see declaration of 'std::begin'
C:\Users\SANDR\OneDrive\Desktop\Quest2-wError\quest-2-sdl2-crack_the_hack_schacht_juarez-main\InprogressQuest\quest-2-sdl2-crack_the_hack_schacht_juarez-main\Level 1 Assignment\Source\Engine.cpp(54,2): message : With the following template arguments:
C:\Users\SANDR\OneDrive\Desktop\Quest2-wError\quest-2-sdl2-crack_the_hack_schacht_juarez-main\InprogressQuest\quest-2-sdl2-crack_the_hack_schacht_juarez-main\Level 1 Assignment\Source\Engine.cpp(54,2): message : '_Container=unknown-type'
C:\Users\SANDR\OneDrive\Desktop\Quest2-wError\quest-2-sdl2-crack_the_hack_schacht_juarez-main\InprogressQuest\quest-2-sdl2-crack_the_hack_schacht_juarez-main\Level 1 Assignment\Source\Engine.cpp(54,2): error C2784: 'const _Elem *std::begin(std::initializer_list<_Elem>) noexcept': could not deduce template argument for 'std::initializer_list<_Elem>' from 'unknown-type'
C:\Program Files (x86)\Microsoft Visual Studio\2019\Community\VC\Tools\MSVC\14.28.29333\include\initializer_list(57): message : see declaration of 'std::begin'
C:\Users\SANDR\OneDrive\Desktop\Quest2-wError\quest-2-sdl2-crack_the_hack_schacht_juarez-main\InprogressQuest\quest-2-sdl2-crack_the_hack_schacht_juarez-main\Level 1 Assignment\Source\Engine.cpp(53,22): error C2672: 'end': no matching overloaded function found
C:\Users\SANDR\OneDrive\Desktop\Quest2-wError\quest-2-sdl2-crack_the_hack_schacht_juarez-main\InprogressQuest\quest-2-sdl2-crack_the_hack_schacht_juarez-main\Level 1 Assignment\Source\Engine.cpp(54,2): error C2893: Failed to specialize function template 'unknown-type std::end(_Container &)'
C:\Program Files (x86)\Microsoft Visual Studio\2019\Community\VC\Tools\MSVC\14.28.29333\include\xutility(2179): message : see declaration of 'std::end'
C:\Users\SANDR\OneDrive\Desktop\Quest2-wError\quest-2-sdl2-crack_the_hack_schacht_juarez-main\InprogressQuest\quest-2-sdl2-crack_the_hack_schacht_juarez-main\Level 1 Assignment\Source\Engine.cpp(54,2): message : With the following template arguments:
C:\Users\SANDR\OneDrive\Desktop\Quest2-wError\quest-2-sdl2-crack_the_hack_schacht_juarez-main\InprogressQuest\quest-2-sdl2-crack_the_hack_schacht_juarez-main\Level 1 Assignment\Source\Engine.cpp(54,2): message : '_Container=unknown-type'
C:\Users\SANDR\OneDrive\Desktop\Quest2-wError\quest-2-sdl2-crack_the_hack_schacht_juarez-main\InprogressQuest\quest-2-sdl2-crack_the_hack_schacht_juarez-main\Level 1 Assignment\Source\Engine.cpp(54,2): error C2784: 'const _Elem *std::end(std::initializer_list<_Elem>) noexcept': could not deduce template argument for 'std::initializer_list<_Elem>' from 'unknown-type'
C:\Program Files (x86)\Microsoft Visual Studio\2019\Community\VC\Tools\MSVC\14.28.29333\include\initializer_list(63): message : see declaration of 'std::end'
C:\Users\SANDR\OneDrive\Desktop\Quest2-wError\quest-2-sdl2-crack_the_hack_schacht_juarez-main\InprogressQuest\quest-2-sdl2-crack_the_hack_schacht_juarez-main\Level 1 Assignment\Source\Engine.cpp(54,2): error C3536: '<begin>$L0': cannot be used before it is initialized
C:\Users\SANDR\OneDrive\Desktop\Quest2-wError\quest-2-sdl2-crack_the_hack_schacht_juarez-main\InprogressQuest\quest-2-sdl2-crack_the_hack_schacht_juarez-main\Level 1 Assignment\Source\Engine.cpp(54,2): error C3536: '<end>$L0': cannot be used before it is initialized
C:\Users\SANDR\OneDrive\Desktop\Quest2-wError\quest-2-sdl2-crack_the_hack_schacht_juarez-main\InprogressQuest\quest-2-sdl2-crack_the_hack_schacht_juarez-main\Level 1 Assignment\Source\Engine.cpp(53,29): error C2100: illegal indirection
C:\Users\SANDR\OneDrive\Desktop\Quest2-wError\quest-2-sdl2-crack_the_hack_schacht_juarez-main\InprogressQuest\quest-2-sdl2-crack_the_hack_schacht_juarez-main\Level 1 Assignment\Source\Engine.cpp(63,6): error C2653: 'Engine': is not a class or namespace name
C:\Users\SANDR\OneDrive\Desktop\Quest2-wError\quest-2-sdl2-crack_the_hack_schacht_juarez-main\InprogressQuest\quest-2-sdl2-crack_the_hack_schacht_juarez-main\Level 1 Assignment\Source\Engine.cpp(70,6): error C2653: 'Engine': is not a class or namespace name
C:\Users\SANDR\OneDrive\Desktop\Quest2-wError\quest-2-sdl2-crack_the_hack_schacht_juarez-main\InprogressQuest\quest-2-sdl2-crack_the_hack_schacht_juarez-main\Level 1 Assignment\Source\Engine.cpp(71,2): error C2065: 'objects': undeclared identifier
  FlyingBehaviorComponent.cpp
  GraphicsDevice.cpp
  Initializers.cpp
C:\Users\SANDR\OneDrive\Desktop\Quest2-wError\quest-2-sdl2-crack_the_hack_schacht_juarez-main\InprogressQuest\quest-2-sdl2-crack_the_hack_schacht_juarez-main\Level 1 Assignment\Source\Initializers.h(47,7): error C2039: 'string': is not a member of 'std'
C:\Program Files (x86)\Microsoft Visual Studio\2019\Community\VC\Tools\MSVC\14.28.29333\include\map(25): message : see declaration of 'std'
C:\Users\SANDR\OneDrive\Desktop\Quest2-wError\quest-2-sdl2-crack_the_hack_schacht_juarez-main\InprogressQuest\quest-2-sdl2-crack_the_hack_schacht_juarez-main\Level 1 Assignment\Source\Initializers.h(47,24): error C3646: 'objectType': unknown override specifier
C:\Users\SANDR\OneDrive\Desktop\Quest2-wError\quest-2-sdl2-crack_the_hack_schacht_juarez-main\InprogressQuest\quest-2-sdl2-crack_the_hack_schacht_juarez-main\Level 1 Assignment\Source\Initializers.h(47,24): error C2059: syntax error: '{'
C:\Users\SANDR\OneDrive\Desktop\Quest2-wError\quest-2-sdl2-crack_the_hack_schacht_juarez-main\InprogressQuest\quest-2-sdl2-crack_the_hack_schacht_juarez-main\Level 1 Assignment\Source\Initializers.h(47,24): error C2334: unexpected token(s) preceding '{'; skipping apparent function body
  Library.cpp
C:\Users\SANDR\OneDrive\Desktop\Quest2-wError\quest-2-sdl2-crack_the_hack_schacht_juarez-main\InprogressQuest\quest-2-sdl2-crack_the_hack_schacht_juarez-main\Level 1 Assignment\Source\PlayerFactory.h(13,26): error C3668: 'PlayerFactory::create': method with override specifier 'override' did not override any base class methods
C:\Users\SANDR\OneDrive\Desktop\Quest2-wError\quest-2-sdl2-crack_the_hack_schacht_juarez-main\InprogressQuest\quest-2-sdl2-crack_the_hack_schacht_juarez-main\Level 1 Assignment\Source\MonsterFactory.h(12,26): error C3668: 'MonsterFactory::create': method with override specifier 'override' did not override any base class methods
  Monster.cpp
C:\Users\SANDR\OneDrive\Desktop\Quest2-wError\quest-2-sdl2-crack_the_hack_schacht_juarez-main\InprogressQuest\quest-2-sdl2-crack_the_hack_schacht_juarez-main\Level 1 Assignment\Source\Object.h(22,33): error C2039: 'Initializers': is not a member of 'ObjectFactory'
C:\Users\SANDR\OneDrive\Desktop\Quest2-wError\quest-2-sdl2-crack_the_hack_schacht_juarez-main\InprogressQuest\quest-2-sdl2-crack_the_hack_schacht_juarez-main\Level 1 Assignment\Source\ObjectFactory.h(13): message : see declaration of 'ObjectFactory'
C:\Users\SANDR\OneDrive\Desktop\Quest2-wError\quest-2-sdl2-crack_the_hack_schacht_juarez-main\InprogressQuest\quest-2-sdl2-crack_the_hack_schacht_juarez-main\Level 1 Assignment\Source\Object.h(22,46): error C2061: syntax error: identifier 'Initializers'
C:\Users\SANDR\OneDrive\Desktop\Quest2-wError\quest-2-sdl2-crack_the_hack_schacht_juarez-main\InprogressQuest\quest-2-sdl2-crack_the_hack_schacht_juarez-main\Level 1 Assignment\Source\Monster.h(4,1): error C2236: unexpected token 'class'. Did you forget a ';'?
C:\Users\SANDR\OneDrive\Desktop\Quest2-wError\quest-2-sdl2-crack_the_hack_schacht_juarez-main\InprogressQuest\quest-2-sdl2-crack_the_hack_schacht_juarez-main\Level 1 Assignment\Source\Monster.h(8,9): error C2061: syntax error: identifier 'Vector2D'
C:\Users\SANDR\OneDrive\Desktop\Quest2-wError\quest-2-sdl2-crack_the_hack_schacht_juarez-main\InprogressQuest\quest-2-sdl2-crack_the_hack_schacht_juarez-main\Level 1 Assignment\Source\Monster.h(9,26): error C3668: 'Monster::update': method with override specifier 'override' did not override any base class methods
C:\Users\SANDR\OneDrive\Desktop\Quest2-wError\quest-2-sdl2-crack_the_hack_schacht_juarez-main\InprogressQuest\quest-2-sdl2-crack_the_hack_schacht_juarez-main\Level 1 Assignment\Source\Monster.h(10,7): error C3668: 'Monster::draw': method with override specifier 'override' did not override any base class methods
C:\Users\SANDR\OneDrive\Desktop\Quest2-wError\quest-2-sdl2-crack_the_hack_schacht_juarez-main\InprogressQuest\quest-2-sdl2-crack_the_hack_schacht_juarez-main\Level 1 Assignment\Source\Monster.cpp(4,45): error C2061: syntax error: identifier 'Vector2D'
C:\Users\SANDR\OneDrive\Desktop\Quest2-wError\quest-2-sdl2-crack_the_hack_schacht_juarez-main\InprogressQuest\quest-2-sdl2-crack_the_hack_schacht_juarez-main\Level 1 Assignment\Source\Monster.cpp(4,85): error C2065: 'position': undeclared identifier
C:\Users\SANDR\OneDrive\Desktop\Quest2-wError\quest-2-sdl2-crack_the_hack_schacht_juarez-main\InprogressQuest\quest-2-sdl2-crack_the_hack_schacht_juarez-main\Level 1 Assignment\Source\Monster.cpp(4,95): error C2065: 'angle': undeclared identifier
C:\Users\SANDR\OneDrive\Desktop\Quest2-wError\quest-2-sdl2-crack_the_hack_schacht_juarez-main\InprogressQuest\quest-2-sdl2-crack_the_hack_schacht_juarez-main\Level 1 Assignment\Source\Monster.cpp(15,2): error C2065: 'texture': undeclared identifier
C:\Users\SANDR\OneDrive\Desktop\Quest2-wError\quest-2-sdl2-crack_the_hack_schacht_juarez-main\InprogressQuest\quest-2-sdl2-crack_the_hack_schacht_juarez-main\Level 1 Assignment\Source\Monster.cpp(15,25): error C2065: 'position': undeclared identifier
C:\Users\SANDR\OneDrive\Desktop\Quest2-wError\quest-2-sdl2-crack_the_hack_schacht_juarez-main\InprogressQuest\quest-2-sdl2-crack_the_hack_schacht_juarez-main\Level 1 Assignment\Source\Monster.cpp(15,42): error C2065: 'position': undeclared identifier
C:\Users\SANDR\OneDrive\Desktop\Quest2-wError\quest-2-sdl2-crack_the_hack_schacht_juarez-main\InprogressQuest\quest-2-sdl2-crack_the_hack_schacht_juarez-main\Level 1 Assignment\Source\Monster.cpp(15,54): error C2065: 'angle': undeclared identifier
  MonsterFactory.cpp
C:\Users\SANDR\OneDrive\Desktop\Quest2-wError\quest-2-sdl2-crack_the_hack_schacht_juarez-main\InprogressQuest\quest-2-sdl2-crack_the_hack_schacht_juarez-main\Level 1 Assignment\Source\Initializers.h(47,7): error C2039: 'string': is not a member of 'std'
C:\Program Files (x86)\Microsoft Visual Studio\2019\Community\VC\Tools\MSVC\14.28.29333\include\map(25): message : see declaration of 'std'
C:\Users\SANDR\OneDrive\Desktop\Quest2-wError\quest-2-sdl2-crack_the_hack_schacht_juarez-main\InprogressQuest\quest-2-sdl2-crack_the_hack_schacht_juarez-main\Level 1 Assignment\Source\Initializers.h(47,24): error C3646: 'objectType': unknown override specifier
C:\Users\SANDR\OneDrive\Desktop\Quest2-wError\quest-2-sdl2-crack_the_hack_schacht_juarez-main\InprogressQuest\quest-2-sdl2-crack_the_hack_schacht_juarez-main\Level 1 Assignment\Source\Initializers.h(47,24): error C2059: syntax error: '{'
C:\Users\SANDR\OneDrive\Desktop\Quest2-wError\quest-2-sdl2-crack_the_hack_schacht_juarez-main\InprogressQuest\quest-2-sdl2-crack_the_hack_schacht_juarez-main\Level 1 Assignment\Source\Initializers.h(47,24): error C2334: unexpected token(s) preceding '{'; skipping apparent function body
C:\Users\SANDR\OneDrive\Desktop\Quest2-wError\quest-2-sdl2-crack_the_hack_schacht_juarez-main\InprogressQuest\quest-2-sdl2-crack_the_hack_schacht_juarez-main\Level 1 Assignment\Source\MonsterFactory.h(12,26): error C3668: 'MonsterFactory::create': method with override specifier 'override' did not override any base class methods
C:\Users\SANDR\OneDrive\Desktop\Quest2-wError\quest-2-sdl2-crack_the_hack_schacht_juarez-main\InprogressQuest\quest-2-sdl2-crack_the_hack_schacht_juarez-main\Level 1 Assignment\Source\Object.h(22,33): error C2039: 'Initializers': is not a member of 'ObjectFactory'
C:\Users\SANDR\OneDrive\Desktop\Quest2-wError\quest-2-sdl2-crack_the_hack_schacht_juarez-main\InprogressQuest\quest-2-sdl2-crack_the_hack_schacht_juarez-main\Level 1 Assignment\Source\ObjectFactory.h(13): message : see declaration of 'ObjectFactory'
C:\Users\SANDR\OneDrive\Desktop\Quest2-wError\quest-2-sdl2-crack_the_hack_schacht_juarez-main\InprogressQuest\quest-2-sdl2-crack_the_hack_schacht_juarez-main\Level 1 Assignment\Source\Object.h(22,46): error C2061: syntax error: identifier 'Initializers'
C:\Users\SANDR\OneDrive\Desktop\Quest2-wError\quest-2-sdl2-crack_the_hack_schacht_juarez-main\InprogressQuest\quest-2-sdl2-crack_the_hack_schacht_juarez-main\Level 1 Assignment\Source\Monster.h(4,1): error C2236: unexpected token 'class'. Did you forget a ';'?
C:\Users\SANDR\OneDrive\Desktop\Quest2-wError\quest-2-sdl2-crack_the_hack_schacht_juarez-main\InprogressQuest\quest-2-sdl2-crack_the_hack_schacht_juarez-main\Level 1 Assignment\Source\Monster.h(8,9): error C2061: syntax error: identifier 'Vector2D'
C:\Users\SANDR\OneDrive\Desktop\Quest2-wError\quest-2-sdl2-crack_the_hack_schacht_juarez-main\InprogressQuest\quest-2-sdl2-crack_the_hack_schacht_juarez-main\Level 1 Assignment\Source\Monster.h(9,26): error C3668: 'Monster::update': method with override specifier 'override' did not override any base class methods
C:\Users\SANDR\OneDrive\Desktop\Quest2-wError\quest-2-sdl2-crack_the_hack_schacht_juarez-main\InprogressQuest\quest-2-sdl2-crack_the_hack_schacht_juarez-main\Level 1 Assignment\Source\Monster.h(10,7): error C3668: 'Monster::draw': method with override specifier 'override' did not override any base class methods
C:\Users\SANDR\OneDrive\Desktop\Quest2-wError\quest-2-sdl2-crack_the_hack_schacht_juarez-main\InprogressQuest\quest-2-sdl2-crack_the_hack_schacht_juarez-main\Level 1 Assignment\Source\MonsterFactory.cpp(4,65): error C2664: 'ObjectFactory::ObjectFactory(ResourceManager *)': cannot convert argument 1 from 'Library *' to 'ResourceManager *'
C:\Users\SANDR\OneDrive\Desktop\Quest2-wError\quest-2-sdl2-crack_the_hack_schacht_juarez-main\InprogressQuest\quest-2-sdl2-crack_the_hack_schacht_juarez-main\Level 1 Assignment\Source\MonsterFactory.cpp(4,66): message : Types pointed to are unrelated; conversion requires reinterpret_cast, C-style cast or function-style cast
C:\Users\SANDR\OneDrive\Desktop\Quest2-wError\quest-2-sdl2-crack_the_hack_schacht_juarez-main\InprogressQuest\quest-2-sdl2-crack_the_hack_schacht_juarez-main\Level 1 Assignment\Source\ObjectFactory.h(18,2): message : see declaration of 'ObjectFactory::ObjectFactory'
C:\Users\SANDR\OneDrive\Desktop\Quest2-wError\quest-2-sdl2-crack_the_hack_schacht_juarez-main\InprogressQuest\quest-2-sdl2-crack_the_hack_schacht_juarez-main\Level 1 Assignment\Source\MonsterFactory.cpp(10,2): error C2065: 'Vector2D': undeclared identifier
C:\Users\SANDR\OneDrive\Desktop\Quest2-wError\quest-2-sdl2-crack_the_hack_schacht_juarez-main\InprogressQuest\quest-2-sdl2-crack_the_hack_schacht_juarez-main\Level 1 Assignment\Source\MonsterFactory.cpp(10,11): error C2146: syntax error: missing ';' before identifier 'position'
C:\Users\SANDR\OneDrive\Desktop\Quest2-wError\quest-2-sdl2-crack_the_hack_schacht_juarez-main\InprogressQuest\quest-2-sdl2-crack_the_hack_schacht_juarez-main\Level 1 Assignment\Source\MonsterFactory.cpp(10,11): error C2065: 'position': undeclared identifier
C:\Users\SANDR\OneDrive\Desktop\Quest2-wError\quest-2-sdl2-crack_the_hack_schacht_juarez-main\InprogressQuest\quest-2-sdl2-crack_the_hack_schacht_juarez-main\Level 1 Assignment\Source\MonsterFactory.cpp(13,43): error C2065: 'position': undeclared identifier
C:\Users\SANDR\OneDrive\Desktop\Quest2-wError\quest-2-sdl2-crack_the_hack_schacht_juarez-main\InprogressQuest\quest-2-sdl2-crack_the_hack_schacht_juarez-main\Level 1 Assignment\Source\MonsterFactory.cpp(13,53): error C2660: 'tinyxml2::XMLElement::QueryFloatAttribute': function does not take 1 arguments
C:\Users\SANDR\OneDrive\Desktop\Quest2-wError\quest-2-sdl2-crack_the_hack_schacht_juarez-main\InprogressQuest\quest-2-sdl2-crack_the_hack_schacht_juarez-main\Level 1 Assignment\Source\tinyxml2.h(1395,14): message : see declaration of 'tinyxml2::XMLElement::QueryFloatAttribute'
C:\Users\SANDR\OneDrive\Desktop\Quest2-wError\quest-2-sdl2-crack_the_hack_schacht_juarez-main\InprogressQuest\quest-2-sdl2-crack_the_hack_schacht_juarez-main\Level 1 Assignment\Source\MonsterFactory.cpp(14,43): error C2065: 'position': undeclared identifier
C:\Users\SANDR\OneDrive\Desktop\Quest2-wError\quest-2-sdl2-crack_the_hack_schacht_juarez-main\InprogressQuest\quest-2-sdl2-crack_the_hack_schacht_juarez-main\Level 1 Assignment\Source\MonsterFactory.cpp(14,53): error C2660: 'tinyxml2::XMLElement::QueryFloatAttribute': function does not take 1 arguments
C:\Users\SANDR\OneDrive\Desktop\Quest2-wError\quest-2-sdl2-crack_the_hack_schacht_juarez-main\InprogressQuest\quest-2-sdl2-crack_the_hack_schacht_juarez-main\Level 1 Assignment\Source\tinyxml2.h(1395,14): message : see declaration of 'tinyxml2::XMLElement::QueryFloatAttribute'
C:\Users\SANDR\OneDrive\Desktop\Quest2-wError\quest-2-sdl2-crack_the_hack_schacht_juarez-main\InprogressQuest\quest-2-sdl2-crack_the_hack_schacht_juarez-main\Level 1 Assignment\Source\MonsterFactory.cpp(17,61): error C2065: 'objectLibrary': undeclared identifier
C:\Users\SANDR\OneDrive\Desktop\Quest2-wError\quest-2-sdl2-crack_the_hack_schacht_juarez-main\InprogressQuest\quest-2-sdl2-crack_the_hack_schacht_juarez-main\Level 1 Assignment\Source\MonsterFactory.cpp(17,118): error C2065: 'position': undeclared identifier
C:\Users\SANDR\OneDrive\Desktop\Quest2-wError\quest-2-sdl2-crack_the_hack_schacht_juarez-main\InprogressQuest\quest-2-sdl2-crack_the_hack_schacht_juarez-main\Level 1 Assignment\Source\MonsterFactory.cpp(17,40): error C2672: 'std::make_unique': no matching overloaded function found
  Object.cpp
C:\Users\SANDR\OneDrive\Desktop\Quest2-wError\quest-2-sdl2-crack_the_hack_schacht_juarez-main\InprogressQuest\quest-2-sdl2-crack_the_hack_schacht_juarez-main\Level 1 Assignment\Source\Object.h(22,33): error C2039: 'Initializers': is not a member of 'ObjectFactory'
C:\Users\SANDR\OneDrive\Desktop\Quest2-wError\quest-2-sdl2-crack_the_hack_schacht_juarez-main\InprogressQuest\quest-2-sdl2-crack_the_hack_schacht_juarez-main\Level 1 Assignment\Source\ObjectFactory.h(13): message : see declaration of 'ObjectFactory'
C:\Users\SANDR\OneDrive\Desktop\Quest2-wError\quest-2-sdl2-crack_the_hack_schacht_juarez-main\InprogressQuest\quest-2-sdl2-crack_the_hack_schacht_juarez-main\Level 1 Assignment\Source\Object.h(22,46): error C2061: syntax error: identifier 'Initializers'
C:\Users\SANDR\OneDrive\Desktop\Quest2-wError\quest-2-sdl2-crack_the_hack_schacht_juarez-main\InprogressQuest\quest-2-sdl2-crack_the_hack_schacht_juarez-main\Level 1 Assignment\Source\Constants2.h(3,7): error C2628: 'Object' followed by 'int' is illegal (did you forget a ';'?)
C:\Users\SANDR\OneDrive\Desktop\Quest2-wError\quest-2-sdl2-crack_the_hack_schacht_juarez-main\InprogressQuest\quest-2-sdl2-crack_the_hack_schacht_juarez-main\Level 1 Assignment\Source\Constants2.h(3,23): error C2440: 'initializing': cannot convert from 'int' to 'Object'
C:\Users\SANDR\OneDrive\Desktop\Quest2-wError\quest-2-sdl2-crack_the_hack_schacht_juarez-main\InprogressQuest\quest-2-sdl2-crack_the_hack_schacht_juarez-main\Level 1 Assignment\Source\Constants2.h(3,23): message : No constructor could take the source type, or constructor overload resolution was ambiguous
C:\Users\SANDR\OneDrive\Desktop\Quest2-wError\quest-2-sdl2-crack_the_hack_schacht_juarez-main\InprogressQuest\quest-2-sdl2-crack_the_hack_schacht_juarez-main\Level 1 Assignment\Source\Object.cpp(17,40): error C2039: 'Initializers': is not a member of 'ObjectFactory'
C:\Users\SANDR\OneDrive\Desktop\Quest2-wError\quest-2-sdl2-crack_the_hack_schacht_juarez-main\InprogressQuest\quest-2-sdl2-crack_the_hack_schacht_juarez-main\Level 1 Assignment\Source\ObjectFactory.h(13): message : see declaration of 'ObjectFactory'
C:\Users\SANDR\OneDrive\Desktop\Quest2-wError\quest-2-sdl2-crack_the_hack_schacht_juarez-main\InprogressQuest\quest-2-sdl2-crack_the_hack_schacht_juarez-main\Level 1 Assignment\Source\Object.cpp(17,53): error C2065: 'Initializers': undeclared identifier
C:\Users\SANDR\OneDrive\Desktop\Quest2-wError\quest-2-sdl2-crack_the_hack_schacht_juarez-main\InprogressQuest\quest-2-sdl2-crack_the_hack_schacht_juarez-main\Level 1 Assignment\Source\Object.cpp(17,53): error C2146: syntax error: missing ')' before identifier 'initializers'
C:\Users\SANDR\OneDrive\Desktop\Quest2-wError\quest-2-sdl2-crack_the_hack_schacht_juarez-main\InprogressQuest\quest-2-sdl2-crack_the_hack_schacht_juarez-main\Level 1 Assignment\Source\Object.cpp(17,66): error C2143: syntax error: missing ';' before '{'
C:\Users\SANDR\OneDrive\Desktop\Quest2-wError\quest-2-sdl2-crack_the_hack_schacht_juarez-main\InprogressQuest\quest-2-sdl2-crack_the_hack_schacht_juarez-main\Level 1 Assignment\Source\Object.cpp(17,66): error C2447: '{': missing function header (old-style formal list?)
C:\Users\SANDR\OneDrive\Desktop\Quest2-wError\quest-2-sdl2-crack_the_hack_schacht_juarez-main\InprogressQuest\quest-2-sdl2-crack_the_hack_schacht_juarez-main\Level 1 Assignment\Source\Object.cpp(35,38): error C3313: 'temp': variable cannot have the type 'void'
C:\Users\SANDR\OneDrive\Desktop\Quest2-wError\quest-2-sdl2-crack_the_hack_schacht_juarez-main\InprogressQuest\quest-2-sdl2-crack_the_hack_schacht_juarez-main\Level 1 Assignment\Source\Object.cpp(35,44): error C3536: 'temp': cannot be used before it is initialized
C:\Users\SANDR\OneDrive\Desktop\Quest2-wError\quest-2-sdl2-crack_the_hack_schacht_juarez-main\InprogressQuest\quest-2-sdl2-crack_the_hack_schacht_juarez-main\Level 1 Assignment\Source\Object.cpp(37,45): error C2672: 'std::make_move_iterator': no matching overloaded function found
C:\Users\SANDR\OneDrive\Desktop\Quest2-wError\quest-2-sdl2-crack_the_hack_schacht_juarez-main\InprogressQuest\quest-2-sdl2-crack_the_hack_schacht_juarez-main\Level 1 Assignment\Source\Object.cpp(37,84): error C2672: 'std::make_move_iterator': no matching overloaded function found
C:\Users\SANDR\OneDrive\Desktop\Quest2-wError\quest-2-sdl2-crack_the_hack_schacht_juarez-main\InprogressQuest\quest-2-sdl2-crack_the_hack_schacht_juarez-main\Level 1 Assignment\Source\Object.cpp(37,114): error C2661: 'std::vector<std::unique_ptr<Object,std::default_delete<Object>>,std::allocator<std::unique_ptr<Object,std::default_delete<Object>>>>::insert': no overloaded function takes 1 arguments
C:\Users\SANDR\OneDrive\Desktop\Quest2-wError\quest-2-sdl2-crack_the_hack_schacht_juarez-main\InprogressQuest\quest-2-sdl2-crack_the_hack_schacht_juarez-main\Level 1 Assignment\Source\Object.cpp(46,32): error C2065: 'getComponent': undeclared identifier
C:\Users\SANDR\OneDrive\Desktop\Quest2-wError\quest-2-sdl2-crack_the_hack_schacht_juarez-main\InprogressQuest\quest-2-sdl2-crack_the_hack_schacht_juarez-main\Level 1 Assignment\Source\Object.cpp(46,45): error C2065: 'SpriteComponet': undeclared identifier
C:\Users\SANDR\OneDrive\Desktop\Quest2-wError\quest-2-sdl2-crack_the_hack_schacht_juarez-main\InprogressQuest\quest-2-sdl2-crack_the_hack_schacht_juarez-main\Level 1 Assignment\Source\Object.cpp(46,5): error C2059: syntax error: ')'
C:\Users\SANDR\OneDrive\Desktop\Quest2-wError\quest-2-sdl2-crack_the_hack_schacht_juarez-main\InprogressQuest\quest-2-sdl2-crack_the_hack_schacht_juarez-main\Level 1 Assignment\Source\Object.cpp(46,81): error C2059: syntax error: ')'
C:\Users\SANDR\OneDrive\Desktop\Quest2-wError\quest-2-sdl2-crack_the_hack_schacht_juarez-main\InprogressQuest\quest-2-sdl2-crack_the_hack_schacht_juarez-main\Level 1 Assignment\Source\Object.cpp(48,11): error C2039: 'draw': is not a member of 'SpriteComponent'
C:\Users\SANDR\OneDrive\Desktop\Quest2-wError\quest-2-sdl2-crack_the_hack_schacht_juarez-main\InprogressQuest\quest-2-sdl2-crack_the_hack_schacht_juarez-main\Level 1 Assignment\Source\SpriteComponent.h(14): message : see declaration of 'SpriteComponent'
C:\Users\SANDR\OneDrive\Desktop\Quest2-wError\quest-2-sdl2-crack_the_hack_schacht_juarez-main\InprogressQuest\quest-2-sdl2-crack_the_hack_schacht_juarez-main\Level 1 Assignment\Source\Object.cpp(48,17): error C2059: syntax error: ';'
C:\Users\SANDR\OneDrive\Desktop\Quest2-wError\quest-2-sdl2-crack_the_hack_schacht_juarez-main\InprogressQuest\quest-2-sdl2-crack_the_hack_schacht_juarez-main\Level 1 Assignment\Source\Object.cpp(50,1): error C2059: syntax error: '}'
C:\Users\SANDR\OneDrive\Desktop\Quest2-wError\quest-2-sdl2-crack_the_hack_schacht_juarez-main\InprogressQuest\quest-2-sdl2-crack_the_hack_schacht_juarez-main\Level 1 Assignment\Source\Object.cpp(50,1): error C2143: syntax error: missing ';' before '}'
  ObjectFactory.cpp
C:\Users\SANDR\OneDrive\Desktop\Quest2-wError\quest-2-sdl2-crack_the_hack_schacht_juarez-main\InprogressQuest\quest-2-sdl2-crack_the_hack_schacht_juarez-main\Level 1 Assignment\Source\Initializers.h(47,7): error C2039: 'string': is not a member of 'std'
C:\Program Files (x86)\Microsoft Visual Studio\2019\Community\VC\Tools\MSVC\14.28.29333\include\map(25): message : see declaration of 'std'
C:\Users\SANDR\OneDrive\Desktop\Quest2-wError\quest-2-sdl2-crack_the_hack_schacht_juarez-main\InprogressQuest\quest-2-sdl2-crack_the_hack_schacht_juarez-main\Level 1 Assignment\Source\Initializers.h(47,24): error C3646: 'objectType': unknown override specifier
C:\Users\SANDR\OneDrive\Desktop\Quest2-wError\quest-2-sdl2-crack_the_hack_schacht_juarez-main\InprogressQuest\quest-2-sdl2-crack_the_hack_schacht_juarez-main\Level 1 Assignment\Source\Initializers.h(47,24): error C2059: syntax error: '{'
C:\Users\SANDR\OneDrive\Desktop\Quest2-wError\quest-2-sdl2-crack_the_hack_schacht_juarez-main\InprogressQuest\quest-2-sdl2-crack_the_hack_schacht_juarez-main\Level 1 Assignment\Source\Initializers.h(47,24): error C2334: unexpected token(s) preceding '{'; skipping apparent function body
C:\Users\SANDR\OneDrive\Desktop\Quest2-wError\quest-2-sdl2-crack_the_hack_schacht_juarez-main\InprogressQuest\quest-2-sdl2-crack_the_hack_schacht_juarez-main\Level 1 Assignment\Source\Object.h(22,33): error C2039: 'Initializers': is not a member of 'ObjectFactory'
C:\Users\SANDR\OneDrive\Desktop\Quest2-wError\quest-2-sdl2-crack_the_hack_schacht_juarez-main\InprogressQuest\quest-2-sdl2-crack_the_hack_schacht_juarez-main\Level 1 Assignment\Source\ObjectFactory.h(13): message : see declaration of 'ObjectFactory'
C:\Users\SANDR\OneDrive\Desktop\Quest2-wError\quest-2-sdl2-crack_the_hack_schacht_juarez-main\InprogressQuest\quest-2-sdl2-crack_the_hack_schacht_juarez-main\Level 1 Assignment\Source\Object.h(22,46): error C2061: syntax error: identifier 'Initializers'
C:\Users\SANDR\OneDrive\Desktop\Quest2-wError\quest-2-sdl2-crack_the_hack_schacht_juarez-main\InprogressQuest\quest-2-sdl2-crack_the_hack_schacht_juarez-main\Level 1 Assignment\Source\Constants2.h(3,7): error C2628: 'Object' followed by 'int' is illegal (did you forget a ';'?)
C:\Users\SANDR\OneDrive\Desktop\Quest2-wError\quest-2-sdl2-crack_the_hack_schacht_juarez-main\InprogressQuest\quest-2-sdl2-crack_the_hack_schacht_juarez-main\Level 1 Assignment\Source\Constants2.h(3,23): error C2440: 'initializing': cannot convert from 'int' to 'Object'
C:\Users\SANDR\OneDrive\Desktop\Quest2-wError\quest-2-sdl2-crack_the_hack_schacht_juarez-main\InprogressQuest\quest-2-sdl2-crack_the_hack_schacht_juarez-main\Level 1 Assignment\Source\Constants2.h(3,23): message : No constructor could take the source type, or constructor overload resolution was ambiguous
C:\Users\SANDR\OneDrive\Desktop\Quest2-wError\quest-2-sdl2-crack_the_hack_schacht_juarez-main\InprogressQuest\quest-2-sdl2-crack_the_hack_schacht_juarez-main\Level 1 Assignment\Source\ObjectFactory.cpp(29,86): error C2661: 'SpriteComponent::SpriteComponent': no overloaded function takes 2 arguments
C:\Users\SANDR\OneDrive\Desktop\Quest2-wError\quest-2-sdl2-crack_the_hack_schacht_juarez-main\InprogressQuest\quest-2-sdl2-crack_the_hack_schacht_juarez-main\Level 1 Assignment\Source\ObjectFactory.cpp(35): error C2259: 'BodyComponent': cannot instantiate abstract class
C:\Users\SANDR\OneDrive\Desktop\Quest2-wError\quest-2-sdl2-crack_the_hack_schacht_juarez-main\InprogressQuest\quest-2-sdl2-crack_the_hack_schacht_juarez-main\Level 1 Assignment\Source\BodyComponent.h(4): message : see declaration of 'BodyComponent'
C:\Users\SANDR\OneDrive\Desktop\Quest2-wError\quest-2-sdl2-crack_the_hack_schacht_juarez-main\InprogressQuest\quest-2-sdl2-crack_the_hack_schacht_juarez-main\Level 1 Assignment\Source\ObjectFactory.cpp(35): message : due to following members:
C:\Users\SANDR\OneDrive\Desktop\Quest2-wError\quest-2-sdl2-crack_the_hack_schacht_juarez-main\InprogressQuest\quest-2-sdl2-crack_the_hack_schacht_juarez-main\Level 1 Assignment\Source\ObjectFactory.cpp(35): message : 'void Component::Start(void)': is abstract
C:\Users\SANDR\OneDrive\Desktop\Quest2-wError\quest-2-sdl2-crack_the_hack_schacht_juarez-main\InprogressQuest\quest-2-sdl2-crack_the_hack_schacht_juarez-main\Level 1 Assignment\Source\Component.h(15): message : see declaration of 'Component::Start'
C:\Users\SANDR\OneDrive\Desktop\Quest2-wError\quest-2-sdl2-crack_the_hack_schacht_juarez-main\InprogressQuest\quest-2-sdl2-crack_the_hack_schacht_juarez-main\Level 1 Assignment\Source\ObjectFactory.cpp(35): message : 'void Component::Update(void)': is abstract
C:\Users\SANDR\OneDrive\Desktop\Quest2-wError\quest-2-sdl2-crack_the_hack_schacht_juarez-main\InprogressQuest\quest-2-sdl2-crack_the_hack_schacht_juarez-main\Level 1 Assignment\Source\Component.h(16): message : see declaration of 'Component::Update'
C:\Users\SANDR\OneDrive\Desktop\Quest2-wError\quest-2-sdl2-crack_the_hack_schacht_juarez-main\InprogressQuest\quest-2-sdl2-crack_the_hack_schacht_juarez-main\Level 1 Assignment\Source\ObjectFactory.cpp(35): message : 'void Component::Finish(void)': is abstract
C:\Users\SANDR\OneDrive\Desktop\Quest2-wError\quest-2-sdl2-crack_the_hack_schacht_juarez-main\InprogressQuest\quest-2-sdl2-crack_the_hack_schacht_juarez-main\Level 1 Assignment\Source\Component.h(17): message : see declaration of 'Component::Finish'
C:\Users\SANDR\OneDrive\Desktop\Quest2-wError\quest-2-sdl2-crack_the_hack_schacht_juarez-main\InprogressQuest\quest-2-sdl2-crack_the_hack_schacht_juarez-main\Level 1 Assignment\Source\ObjectFactory.cpp(35,44): error C2259: 'BodyComponent': cannot instantiate abstract class
C:\Users\SANDR\OneDrive\Desktop\Quest2-wError\quest-2-sdl2-crack_the_hack_schacht_juarez-main\InprogressQuest\quest-2-sdl2-crack_the_hack_schacht_juarez-main\Level 1 Assignment\Source\BodyComponent.h(4): message : see declaration of 'BodyComponent'
C:\Users\SANDR\OneDrive\Desktop\Quest2-wError\quest-2-sdl2-crack_the_hack_schacht_juarez-main\InprogressQuest\quest-2-sdl2-crack_the_hack_schacht_juarez-main\Level 1 Assignment\Source\ObjectFactory.cpp(35,44): message : due to following members:
C:\Users\SANDR\OneDrive\Desktop\Quest2-wError\quest-2-sdl2-crack_the_hack_schacht_juarez-main\InprogressQuest\quest-2-sdl2-crack_the_hack_schacht_juarez-main\Level 1 Assignment\Source\ObjectFactory.cpp(35,44): message : 'void Component::Start(void)': is abstract
C:\Users\SANDR\OneDrive\Desktop\Quest2-wError\quest-2-sdl2-crack_the_hack_schacht_juarez-main\InprogressQuest\quest-2-sdl2-crack_the_hack_schacht_juarez-main\Level 1 Assignment\Source\Component.h(15): message : see declaration of 'Component::Start'
C:\Users\SANDR\OneDrive\Desktop\Quest2-wError\quest-2-sdl2-crack_the_hack_schacht_juarez-main\InprogressQuest\quest-2-sdl2-crack_the_hack_schacht_juarez-main\Level 1 Assignment\Source\ObjectFactory.cpp(35,44): message : 'void Component::Update(void)': is abstract
C:\Users\SANDR\OneDrive\Desktop\Quest2-wError\quest-2-sdl2-crack_the_hack_schacht_juarez-main\InprogressQuest\quest-2-sdl2-crack_the_hack_schacht_juarez-main\Level 1 Assignment\Source\Component.h(16): message : see declaration of 'Component::Update'
C:\Users\SANDR\OneDrive\Desktop\Quest2-wError\quest-2-sdl2-crack_the_hack_schacht_juarez-main\InprogressQuest\quest-2-sdl2-crack_the_hack_schacht_juarez-main\Level 1 Assignment\Source\ObjectFactory.cpp(35,44): message : 'void Component::Finish(void)': is abstract
C:\Users\SANDR\OneDrive\Desktop\Quest2-wError\quest-2-sdl2-crack_the_hack_schacht_juarez-main\InprogressQuest\quest-2-sdl2-crack_the_hack_schacht_juarez-main\Level 1 Assignment\Source\Component.h(17): message : see declaration of 'Component::Finish'
C:\Users\SANDR\OneDrive\Desktop\Quest2-wError\quest-2-sdl2-crack_the_hack_schacht_juarez-main\InprogressQuest\quest-2-sdl2-crack_the_hack_schacht_juarez-main\Level 1 Assignment\Source\ObjectFactory.cpp(35,91): error C2661: 'BodyComponent::BodyComponent': no overloaded function takes 3 arguments
C:\Users\SANDR\OneDrive\Desktop\Quest2-wError\quest-2-sdl2-crack_the_hack_schacht_juarez-main\InprogressQuest\quest-2-sdl2-crack_the_hack_schacht_juarez-main\Level 1 Assignment\Source\ObjectFactory.cpp(41,101): error C2661: 'UserInputComponent::UserInputComponent': no overloaded function takes 3 arguments
C:\Users\SANDR\OneDrive\Desktop\Quest2-wError\quest-2-sdl2-crack_the_hack_schacht_juarez-main\InprogressQuest\quest-2-sdl2-crack_the_hack_schacht_juarez-main\Level 1 Assignment\Source\ObjectFactory.cpp(49,11): error C2039: 'objectType': is not a member of 'ObjectFactoryPresets'
C:\Users\SANDR\OneDrive\Desktop\Quest2-wError\quest-2-sdl2-crack_the_hack_schacht_juarez-main\InprogressQuest\quest-2-sdl2-crack_the_hack_schacht_juarez-main\Level 1 Assignment\Source\Initializers.h(45): message : see declaration of 'ObjectFactoryPresets'
C:\Users\SANDR\OneDrive\Desktop\Quest2-wError\quest-2-sdl2-crack_the_hack_schacht_juarez-main\InprogressQuest\quest-2-sdl2-crack_the_hack_schacht_juarez-main\Level 1 Assignment\Source\ObjectFactory.cpp(54,2): error C2059: syntax error: ';'
C:\Users\SANDR\OneDrive\Desktop\Quest2-wError\quest-2-sdl2-crack_the_hack_schacht_juarez-main\InprogressQuest\quest-2-sdl2-crack_the_hack_schacht_juarez-main\Level 1 Assignment\Source\ObjectFactory.cpp(82,35): error C2027: use of undefined type 'ResourceManager'
C:\Users\SANDR\OneDrive\Desktop\Quest2-wError\quest-2-sdl2-crack_the_hack_schacht_juarez-main\InprogressQuest\quest-2-sdl2-crack_the_hack_schacht_juarez-main\Level 1 Assignment\Source\AssetLibrary.h(8): message : see declaration of 'ResourceManager'
C:\Users\SANDR\OneDrive\Desktop\Quest2-wError\quest-2-sdl2-crack_the_hack_schacht_juarez-main\InprogressQuest\quest-2-sdl2-crack_the_hack_schacht_juarez-main\Level 1 Assignment\Source\ObjectFactory.cpp(86,61): error C2027: use of undefined type 'ResourceManager'
C:\Users\SANDR\OneDrive\Desktop\Quest2-wError\quest-2-sdl2-crack_the_hack_schacht_juarez-main\InprogressQuest\quest-2-sdl2-crack_the_hack_schacht_juarez-main\Level 1 Assignment\Source\AssetLibrary.h(8): message : see declaration of 'ResourceManager'
C:\Users\SANDR\OneDrive\Desktop\Quest2-wError\quest-2-sdl2-crack_the_hack_schacht_juarez-main\InprogressQuest\quest-2-sdl2-crack_the_hack_schacht_juarez-main\Level 1 Assignment\Source\ObjectFactory.cpp(86,33): error C2672: 'std::make_shared': no matching overloaded function found
  Player.cpp
C:\Users\SANDR\OneDrive\Desktop\Quest2-wError\quest-2-sdl2-crack_the_hack_schacht_juarez-main\InprogressQuest\quest-2-sdl2-crack_the_hack_schacht_juarez-main\Level 1 Assignment\Source\Object.h(22,33): error C2039: 'Initializers': is not a member of 'ObjectFactory'
C:\Users\SANDR\OneDrive\Desktop\Quest2-wError\quest-2-sdl2-crack_the_hack_schacht_juarez-main\InprogressQuest\quest-2-sdl2-crack_the_hack_schacht_juarez-main\Level 1 Assignment\Source\ObjectFactory.h(13): message : see declaration of 'ObjectFactory'
C:\Users\SANDR\OneDrive\Desktop\Quest2-wError\quest-2-sdl2-crack_the_hack_schacht_juarez-main\InprogressQuest\quest-2-sdl2-crack_the_hack_schacht_juarez-main\Level 1 Assignment\Source\Object.h(22,46): error C2061: syntax error: identifier 'Initializers'
C:\Users\SANDR\OneDrive\Desktop\Quest2-wError\quest-2-sdl2-crack_the_hack_schacht_juarez-main\InprogressQuest\quest-2-sdl2-crack_the_hack_schacht_juarez-main\Level 1 Assignment\Source\Player.h(4,1): error C2236: unexpected token 'class'. Did you forget a ';'?
C:\Users\SANDR\OneDrive\Desktop\Quest2-wError\quest-2-sdl2-crack_the_hack_schacht_juarez-main\InprogressQuest\quest-2-sdl2-crack_the_hack_schacht_juarez-main\Level 1 Assignment\Source\Player.h(8,8): error C2061: syntax error: identifier 'Vector2D'
C:\Users\SANDR\OneDrive\Desktop\Quest2-wError\quest-2-sdl2-crack_the_hack_schacht_juarez-main\InprogressQuest\quest-2-sdl2-crack_the_hack_schacht_juarez-main\Level 1 Assignment\Source\Player.h(9,26): error C3668: 'Player::update': method with override specifier 'override' did not override any base class methods
C:\Users\SANDR\OneDrive\Desktop\Quest2-wError\quest-2-sdl2-crack_the_hack_schacht_juarez-main\InprogressQuest\quest-2-sdl2-crack_the_hack_schacht_juarez-main\Level 1 Assignment\Source\Player.h(10,7): error C3668: 'Player::draw': method with override specifier 'override' did not override any base class methods
C:\Users\SANDR\OneDrive\Desktop\Quest2-wError\quest-2-sdl2-crack_the_hack_schacht_juarez-main\InprogressQuest\quest-2-sdl2-crack_the_hack_schacht_juarez-main\Level 1 Assignment\Source\Player.cpp(3,43): error C2061: syntax error: identifier 'Vector2D'
C:\Users\SANDR\OneDrive\Desktop\Quest2-wError\quest-2-sdl2-crack_the_hack_schacht_juarez-main\InprogressQuest\quest-2-sdl2-crack_the_hack_schacht_juarez-main\Level 1 Assignment\Source\Player.cpp(3,83): error C2065: 'position': undeclared identifier
C:\Users\SANDR\OneDrive\Desktop\Quest2-wError\quest-2-sdl2-crack_the_hack_schacht_juarez-main\InprogressQuest\quest-2-sdl2-crack_the_hack_schacht_juarez-main\Level 1 Assignment\Source\Player.cpp(3,93): error C2065: 'angle': undeclared identifier
C:\Users\SANDR\OneDrive\Desktop\Quest2-wError\quest-2-sdl2-crack_the_hack_schacht_juarez-main\InprogressQuest\quest-2-sdl2-crack_the_hack_schacht_juarez-main\Level 1 Assignment\Source\Player.cpp(37,2): error C2065: 'position': undeclared identifier
C:\Users\SANDR\OneDrive\Desktop\Quest2-wError\quest-2-sdl2-crack_the_hack_schacht_juarez-main\InprogressQuest\quest-2-sdl2-crack_the_hack_schacht_juarez-main\Level 1 Assignment\Source\Player.cpp(38,2): error C2065: 'position': undeclared identifier
C:\Users\SANDR\OneDrive\Desktop\Quest2-wError\quest-2-sdl2-crack_the_hack_schacht_juarez-main\InprogressQuest\quest-2-sdl2-crack_the_hack_schacht_juarez-main\Level 1 Assignment\Source\Player.cpp(41,2): error C2065: 'angle': undeclared identifier
C:\Users\SANDR\OneDrive\Desktop\Quest2-wError\quest-2-sdl2-crack_the_hack_schacht_juarez-main\InprogressQuest\quest-2-sdl2-crack_the_hack_schacht_juarez-main\Level 1 Assignment\Source\Player.cpp(57,2): error C2065: 'texture': undeclared identifier
C:\Users\SANDR\OneDrive\Desktop\Quest2-wError\quest-2-sdl2-crack_the_hack_schacht_juarez-main\InprogressQuest\quest-2-sdl2-crack_the_hack_schacht_juarez-main\Level 1 Assignment\Source\Player.cpp(57,25): error C2065: 'position': undeclared identifier
C:\Users\SANDR\OneDrive\Desktop\Quest2-wError\quest-2-sdl2-crack_the_hack_schacht_juarez-main\InprogressQuest\quest-2-sdl2-crack_the_hack_schacht_juarez-main\Level 1 Assignment\Source\Player.cpp(57,42): error C2065: 'position': undeclared identifier
C:\Users\SANDR\OneDrive\Desktop\Quest2-wError\quest-2-sdl2-crack_the_hack_schacht_juarez-main\InprogressQuest\quest-2-sdl2-crack_the_hack_schacht_juarez-main\Level 1 Assignment\Source\Player.cpp(57,54): error C2065: 'angle': undeclared identifier
  PlayerFactory.cpp
C:\Users\SANDR\OneDrive\Desktop\Quest2-wError\quest-2-sdl2-crack_the_hack_schacht_juarez-main\InprogressQuest\quest-2-sdl2-crack_the_hack_schacht_juarez-main\Level 1 Assignment\Source\Initializers.h(47,7): error C2039: 'string': is not a member of 'std'
C:\Program Files (x86)\Microsoft Visual Studio\2019\Community\VC\Tools\MSVC\14.28.29333\include\map(25): message : see declaration of 'std'
C:\Users\SANDR\OneDrive\Desktop\Quest2-wError\quest-2-sdl2-crack_the_hack_schacht_juarez-main\InprogressQuest\quest-2-sdl2-crack_the_hack_schacht_juarez-main\Level 1 Assignment\Source\Initializers.h(47,24): error C3646: 'objectType': unknown override specifier
C:\Users\SANDR\OneDrive\Desktop\Quest2-wError\quest-2-sdl2-crack_the_hack_schacht_juarez-main\InprogressQuest\quest-2-sdl2-crack_the_hack_schacht_juarez-main\Level 1 Assignment\Source\Initializers.h(47,24): error C2059: syntax error: '{'
C:\Users\SANDR\OneDrive\Desktop\Quest2-wError\quest-2-sdl2-crack_the_hack_schacht_juarez-main\InprogressQuest\quest-2-sdl2-crack_the_hack_schacht_juarez-main\Level 1 Assignment\Source\Initializers.h(47,24): error C2334: unexpected token(s) preceding '{'; skipping apparent function body
C:\Users\SANDR\OneDrive\Desktop\Quest2-wError\quest-2-sdl2-crack_the_hack_schacht_juarez-main\InprogressQuest\quest-2-sdl2-crack_the_hack_schacht_juarez-main\Level 1 Assignment\Source\PlayerFactory.h(13,26): error C3668: 'PlayerFactory::create': method with override specifier 'override' did not override any base class methods
C:\Users\SANDR\OneDrive\Desktop\Quest2-wError\quest-2-sdl2-crack_the_hack_schacht_juarez-main\InprogressQuest\quest-2-sdl2-crack_the_hack_schacht_juarez-main\Level 1 Assignment\Source\Object.h(22,33): error C2039: 'Initializers': is not a member of 'ObjectFactory'
C:\Users\SANDR\OneDrive\Desktop\Quest2-wError\quest-2-sdl2-crack_the_hack_schacht_juarez-main\InprogressQuest\quest-2-sdl2-crack_the_hack_schacht_juarez-main\Level 1 Assignment\Source\ObjectFactory.h(13): message : see declaration of 'ObjectFactory'
C:\Users\SANDR\OneDrive\Desktop\Quest2-wError\quest-2-sdl2-crack_the_hack_schacht_juarez-main\InprogressQuest\quest-2-sdl2-crack_the_hack_schacht_juarez-main\Level 1 Assignment\Source\Object.h(22,46): error C2061: syntax error: identifier 'Initializers'
C:\Users\SANDR\OneDrive\Desktop\Quest2-wError\quest-2-sdl2-crack_the_hack_schacht_juarez-main\InprogressQuest\quest-2-sdl2-crack_the_hack_schacht_juarez-main\Level 1 Assignment\Source\Player.h(4,1): error C2236: unexpected token 'class'. Did you forget a ';'?
C:\Users\SANDR\OneDrive\Desktop\Quest2-wError\quest-2-sdl2-crack_the_hack_schacht_juarez-main\InprogressQuest\quest-2-sdl2-crack_the_hack_schacht_juarez-main\Level 1 Assignment\Source\Player.h(8,8): error C2061: syntax error: identifier 'Vector2D'
C:\Users\SANDR\OneDrive\Desktop\Quest2-wError\quest-2-sdl2-crack_the_hack_schacht_juarez-main\InprogressQuest\quest-2-sdl2-crack_the_hack_schacht_juarez-main\Level 1 Assignment\Source\Player.h(9,26): error C3668: 'Player::update': method with override specifier 'override' did not override any base class methods
C:\Users\SANDR\OneDrive\Desktop\Quest2-wError\quest-2-sdl2-crack_the_hack_schacht_juarez-main\InprogressQuest\quest-2-sdl2-crack_the_hack_schacht_juarez-main\Level 1 Assignment\Source\Player.h(10,7): error C3668: 'Player::draw': method with override specifier 'override' did not override any base class methods
C:\Users\SANDR\OneDrive\Desktop\Quest2-wError\quest-2-sdl2-crack_the_hack_schacht_juarez-main\InprogressQuest\quest-2-sdl2-crack_the_hack_schacht_juarez-main\Level 1 Assignment\Source\PlayerFactory.cpp(6,63): error C2664: 'ObjectFactory::ObjectFactory(ResourceManager *)': cannot convert argument 1 from 'Library *' to 'ResourceManager *'
C:\Users\SANDR\OneDrive\Desktop\Quest2-wError\quest-2-sdl2-crack_the_hack_schacht_juarez-main\InprogressQuest\quest-2-sdl2-crack_the_hack_schacht_juarez-main\Level 1 Assignment\Source\PlayerFactory.cpp(6,64): message : Types pointed to are unrelated; conversion requires reinterpret_cast, C-style cast or function-style cast
C:\Users\SANDR\OneDrive\Desktop\Quest2-wError\quest-2-sdl2-crack_the_hack_schacht_juarez-main\InprogressQuest\quest-2-sdl2-crack_the_hack_schacht_juarez-main\Level 1 Assignment\Source\ObjectFactory.h(18,2): message : see declaration of 'ObjectFactory::ObjectFactory'
C:\Users\SANDR\OneDrive\Desktop\Quest2-wError\quest-2-sdl2-crack_the_hack_schacht_juarez-main\InprogressQuest\quest-2-sdl2-crack_the_hack_schacht_juarez-main\Level 1 Assignment\Source\PlayerFactory.cpp(12,2): error C2065: 'Vector2D': undeclared identifier
C:\Users\SANDR\OneDrive\Desktop\Quest2-wError\quest-2-sdl2-crack_the_hack_schacht_juarez-main\InprogressQuest\quest-2-sdl2-crack_the_hack_schacht_juarez-main\Level 1 Assignment\Source\PlayerFactory.cpp(12,11): error C2146: syntax error: missing ';' before identifier 'position'
C:\Users\SANDR\OneDrive\Desktop\Quest2-wError\quest-2-sdl2-crack_the_hack_schacht_juarez-main\InprogressQuest\quest-2-sdl2-crack_the_hack_schacht_juarez-main\Level 1 Assignment\Source\PlayerFactory.cpp(12,11): error C2065: 'position': undeclared identifier
C:\Users\SANDR\OneDrive\Desktop\Quest2-wError\quest-2-sdl2-crack_the_hack_schacht_juarez-main\InprogressQuest\quest-2-sdl2-crack_the_hack_schacht_juarez-main\Level 1 Assignment\Source\PlayerFactory.cpp(15,43): error C2065: 'position': undeclared identifier
C:\Users\SANDR\OneDrive\Desktop\Quest2-wError\quest-2-sdl2-crack_the_hack_schacht_juarez-main\InprogressQuest\quest-2-sdl2-crack_the_hack_schacht_juarez-main\Level 1 Assignment\Source\PlayerFactory.cpp(15,53): error C2660: 'tinyxml2::XMLElement::QueryFloatAttribute': function does not take 1 arguments
C:\Users\SANDR\OneDrive\Desktop\Quest2-wError\quest-2-sdl2-crack_the_hack_schacht_juarez-main\InprogressQuest\quest-2-sdl2-crack_the_hack_schacht_juarez-main\Level 1 Assignment\Source\tinyxml2.h(1395,14): message : see declaration of 'tinyxml2::XMLElement::QueryFloatAttribute'
C:\Users\SANDR\OneDrive\Desktop\Quest2-wError\quest-2-sdl2-crack_the_hack_schacht_juarez-main\InprogressQuest\quest-2-sdl2-crack_the_hack_schacht_juarez-main\Level 1 Assignment\Source\PlayerFactory.cpp(16,43): error C2065: 'position': undeclared identifier
C:\Users\SANDR\OneDrive\Desktop\Quest2-wError\quest-2-sdl2-crack_the_hack_schacht_juarez-main\InprogressQuest\quest-2-sdl2-crack_the_hack_schacht_juarez-main\Level 1 Assignment\Source\PlayerFactory.cpp(16,53): error C2660: 'tinyxml2::XMLElement::QueryFloatAttribute': function does not take 1 arguments
C:\Users\SANDR\OneDrive\Desktop\Quest2-wError\quest-2-sdl2-crack_the_hack_schacht_juarez-main\InprogressQuest\quest-2-sdl2-crack_the_hack_schacht_juarez-main\Level 1 Assignment\Source\tinyxml2.h(1395,14): message : see declaration of 'tinyxml2::XMLElement::QueryFloatAttribute'
C:\Users\SANDR\OneDrive\Desktop\Quest2-wError\quest-2-sdl2-crack_the_hack_schacht_juarez-main\InprogressQuest\quest-2-sdl2-crack_the_hack_schacht_juarez-main\Level 1 Assignment\Source\PlayerFactory.cpp(18,60): error C2065: 'objectLibrary': undeclared identifier
C:\Users\SANDR\OneDrive\Desktop\Quest2-wError\quest-2-sdl2-crack_the_hack_schacht_juarez-main\InprogressQuest\quest-2-sdl2-crack_the_hack_schacht_juarez-main\Level 1 Assignment\Source\PlayerFactory.cpp(18,115): error C2065: 'position': undeclared identifier
C:\Users\SANDR\OneDrive\Desktop\Quest2-wError\quest-2-sdl2-crack_the_hack_schacht_juarez-main\InprogressQuest\quest-2-sdl2-crack_the_hack_schacht_juarez-main\Level 1 Assignment\Source\PlayerFactory.cpp(18,40): error C2672: 'std::make_unique': no matching overloaded function found
  ResourceManager.cpp
C:\Users\SANDR\OneDrive\Desktop\Quest2-wError\quest-2-sdl2-crack_the_hack_schacht_juarez-main\InprogressQuest\quest-2-sdl2-crack_the_hack_schacht_juarez-main\Level 1 Assignment\Source\ResourceManager.h(45,10): error C3646: 'FPS': unknown override specifier
C:\Users\SANDR\OneDrive\Desktop\Quest2-wError\quest-2-sdl2-crack_the_hack_schacht_juarez-main\InprogressQuest\quest-2-sdl2-crack_the_hack_schacht_juarez-main\Level 1 Assignment\Source\ResourceManager.h(45,10): error C2059: syntax error: '{'
C:\Users\SANDR\OneDrive\Desktop\Quest2-wError\quest-2-sdl2-crack_the_hack_schacht_juarez-main\InprogressQuest\quest-2-sdl2-crack_the_hack_schacht_juarez-main\Level 1 Assignment\Source\ResourceManager.h(45,10): error C2334: unexpected token(s) preceding '{'; skipping apparent function body
C:\Users\SANDR\OneDrive\Desktop\Quest2-wError\quest-2-sdl2-crack_the_hack_schacht_juarez-main\InprogressQuest\quest-2-sdl2-crack_the_hack_schacht_juarez-main\Level 1 Assignment\Source\Object.h(22,33): error C2039: 'Initializers': is not a member of 'ObjectFactory'
C:\Users\SANDR\OneDrive\Desktop\Quest2-wError\quest-2-sdl2-crack_the_hack_schacht_juarez-main\InprogressQuest\quest-2-sdl2-crack_the_hack_schacht_juarez-main\Level 1 Assignment\Source\ObjectFactory.h(13): message : see declaration of 'ObjectFactory'
C:\Users\SANDR\OneDrive\Desktop\Quest2-wError\quest-2-sdl2-crack_the_hack_schacht_juarez-main\InprogressQuest\quest-2-sdl2-crack_the_hack_schacht_juarez-main\Level 1 Assignment\Source\Object.h(22,46): error C2061: syntax error: identifier 'Initializers'
C:\Users\SANDR\OneDrive\Desktop\Quest2-wError\quest-2-sdl2-crack_the_hack_schacht_juarez-main\InprogressQuest\quest-2-sdl2-crack_the_hack_schacht_juarez-main\Level 1 Assignment\Source\InputDevice.h(8,1): error C2236: unexpected token 'class'. Did you forget a ';'?
C:\Users\SANDR\OneDrive\Desktop\Quest2-wError\quest-2-sdl2-crack_the_hack_schacht_juarez-main\InprogressQuest\quest-2-sdl2-crack_the_hack_schacht_juarez-main\Level 1 Assignment\Source\InputDevice.h(8,18): error C2011: 'InputDevice': 'class' type redefinition
C:\Users\SANDR\OneDrive\Desktop\Quest2-wError\quest-2-sdl2-crack_the_hack_schacht_juarez-main\InprogressQuest\quest-2-sdl2-crack_the_hack_schacht_juarez-main\Level 1 Assignment\Source\InputDevice.h(8): message : see declaration of 'InputDevice'
C:\Users\SANDR\OneDrive\Desktop\Quest2-wError\quest-2-sdl2-crack_the_hack_schacht_juarez-main\InprogressQuest\quest-2-sdl2-crack_the_hack_schacht_juarez-main\Level 1 Assignment\Source\ResourceManager.cpp(113,3): error C2065: 'assetLibrary': undeclared identifier
C:\Users\SANDR\OneDrive\Desktop\Quest2-wError\quest-2-sdl2-crack_the_hack_schacht_juarez-main\InprogressQuest\quest-2-sdl2-crack_the_hack_schacht_juarez-main\Level 1 Assignment\Source\ResourceManager.cpp(121,4): error C2065: 'assetLibrary': undeclared identifier
C:\Users\SANDR\OneDrive\Desktop\Quest2-wError\quest-2-sdl2-crack_the_hack_schacht_juarez-main\InprogressQuest\quest-2-sdl2-crack_the_hack_schacht_juarez-main\Level 1 Assignment\Source\ResourceManager.cpp(172,2): error C2065: 'assetLibrary': undeclared identifier
C:\Users\SANDR\OneDrive\Desktop\Quest2-wError\quest-2-sdl2-crack_the_hack_schacht_juarez-main\InprogressQuest\quest-2-sdl2-crack_the_hack_schacht_juarez-main\Level 1 Assignment\Source\ResourceManager.cpp(178,9): error C2027: use of undefined type 'InputDevice'
C:\Users\SANDR\OneDrive\Desktop\Quest2-wError\quest-2-sdl2-crack_the_hack_schacht_juarez-main\InprogressQuest\quest-2-sdl2-crack_the_hack_schacht_juarez-main\Level 1 Assignment\Source\InputDevice.h(8): message : see declaration of 'InputDevice'
C:\Users\SANDR\OneDrive\Desktop\Quest2-wError\quest-2-sdl2-crack_the_hack_schacht_juarez-main\InprogressQuest\quest-2-sdl2-crack_the_hack_schacht_juarez-main\Level 1 Assignment\Source\ResourceManager.cpp(178,11): error C2039: 'update': is not a member of 'std::unique_ptr<InputDevice,std::default_delete<InputDevice>>'
C:\Users\SANDR\OneDrive\Desktop\Quest2-wError\quest-2-sdl2-crack_the_hack_schacht_juarez-main\InprogressQuest\quest-2-sdl2-crack_the_hack_schacht_juarez-main\Level 1 Assignment\Source\ResourceManager.h(32): message : see declaration of 'std::unique_ptr<InputDevice,std::default_delete<InputDevice>>'
C:\Users\SANDR\OneDrive\Desktop\Quest2-wError\quest-2-sdl2-crack_the_hack_schacht_juarez-main\InprogressQuest\quest-2-sdl2-crack_the_hack_schacht_juarez-main\Level 1 Assignment\Source\ResourceManager.cpp(185,4): error C2065: 'StatComponent': undeclared identifier
C:\Users\SANDR\OneDrive\Desktop\Quest2-wError\quest-2-sdl2-crack_the_hack_schacht_juarez-main\InprogressQuest\quest-2-sdl2-crack_the_hack_schacht_juarez-main\Level 1 Assignment\Source\ResourceManager.cpp(185,19): error C2065: 'compHealth': undeclared identifier
C:\Users\SANDR\OneDrive\Desktop\Quest2-wError\quest-2-sdl2-crack_the_hack_schacht_juarez-main\InprogressQuest\quest-2-sdl2-crack_the_hack_schacht_juarez-main\Level 1 Assignment\Source\ResourceManager.cpp(185,47): error C2039: 'getComponent': is not a member of 'Object'
C:\Users\SANDR\OneDrive\Desktop\Quest2-wError\quest-2-sdl2-crack_the_hack_schacht_juarez-main\InprogressQuest\quest-2-sdl2-crack_the_hack_schacht_juarez-main\Level 1 Assignment\Source\AssetLibrary.h(13): message : see declaration of 'Object'
C:\Users\SANDR\OneDrive\Desktop\Quest2-wError\quest-2-sdl2-crack_the_hack_schacht_juarez-main\InprogressQuest\quest-2-sdl2-crack_the_hack_schacht_juarez-main\Level 1 Assignment\Source\ResourceManager.cpp(185,60): error C2065: 'StatComponent': undeclared identifier
C:\Users\SANDR\OneDrive\Desktop\Quest2-wError\quest-2-sdl2-crack_the_hack_schacht_juarez-main\InprogressQuest\quest-2-sdl2-crack_the_hack_schacht_juarez-main\Level 1 Assignment\Source\ResourceManager.cpp(185,1): error C2059: syntax error: ')'
C:\Users\SANDR\OneDrive\Desktop\Quest2-wError\quest-2-sdl2-crack_the_hack_schacht_juarez-main\InprogressQuest\quest-2-sdl2-crack_the_hack_schacht_juarez-main\Level 1 Assignment\Source\ResourceManager.cpp(186,4): error C2065: 'compHealth': undeclared identifier
C:\Users\SANDR\OneDrive\Desktop\Quest2-wError\quest-2-sdl2-crack_the_hack_schacht_juarez-main\InprogressQuest\quest-2-sdl2-crack_the_hack_schacht_juarez-main\Level 1 Assignment\Source\ResourceManager.cpp(186,29): error C2065: 'compHealth': undeclared identifier
C:\Users\SANDR\OneDrive\Desktop\Quest2-wError\quest-2-sdl2-crack_the_hack_schacht_juarez-main\InprogressQuest\quest-2-sdl2-crack_the_hack_schacht_juarez-main\Level 1 Assignment\Source\ResourceManager.cpp(186,47): error C2059: syntax error: ')'
C:\Users\SANDR\OneDrive\Desktop\Quest2-wError\quest-2-sdl2-crack_the_hack_schacht_juarez-main\InprogressQuest\quest-2-sdl2-crack_the_hack_schacht_juarez-main\Level 1 Assignment\Source\ResourceManager.cpp(189,19): error C2039: 'removeComponents': is not a member of 'Object'
C:\Users\SANDR\OneDrive\Desktop\Quest2-wError\quest-2-sdl2-crack_the_hack_schacht_juarez-main\InprogressQuest\quest-2-sdl2-crack_the_hack_schacht_juarez-main\Level 1 Assignment\Source\AssetLibrary.h(13): message : see declaration of 'Object'
C:\Users\SANDR\OneDrive\Desktop\Quest2-wError\quest-2-sdl2-crack_the_hack_schacht_juarez-main\InprogressQuest\quest-2-sdl2-crack_the_hack_schacht_juarez-main\Level 1 Assignment\Source\ResourceManager.cpp(189,37): error C2059: syntax error: ';'
C:\Users\SANDR\OneDrive\Desktop\Quest2-wError\quest-2-sdl2-crack_the_hack_schacht_juarez-main\InprogressQuest\quest-2-sdl2-crack_the_hack_schacht_juarez-main\Level 1 Assignment\Source\ResourceManager.cpp(193,3): error C2181: illegal else without matching if
C:\Users\SANDR\OneDrive\Desktop\Quest2-wError\quest-2-sdl2-crack_the_hack_schacht_juarez-main\InprogressQuest\quest-2-sdl2-crack_the_hack_schacht_juarez-main\Level 1 Assignment\Source\ResourceManager.cpp(202,22): error C2065: 'objects': undeclared identifier
C:\Users\SANDR\OneDrive\Desktop\Quest2-wError\quest-2-sdl2-crack_the_hack_schacht_juarez-main\InprogressQuest\quest-2-sdl2-crack_the_hack_schacht_juarez-main\Level 1 Assignment\Source\ResourceManager.cpp(203,2): error C2447: '{': missing function header (old-style formal list?)
C:\Users\SANDR\OneDrive\Desktop\Quest2-wError\quest-2-sdl2-crack_the_hack_schacht_juarez-main\InprogressQuest\quest-2-sdl2-crack_the_hack_schacht_juarez-main\Level 1 Assignment\Source\ResourceManager.cpp(231,1): fatal error C1004: unexpected end-of-file found
  ShootingBehaviorComponent.cpp
  Source.cpp
C:\Users\SANDR\OneDrive\Desktop\Quest2-wError\quest-2-sdl2-crack_the_hack_schacht_juarez-main\InprogressQuest\quest-2-sdl2-crack_the_hack_schacht_juarez-main\Level 1 Assignment\Source\Object.h(22,33): error C2039: 'Initializers': is not a member of 'ObjectFactory'
C:\Users\SANDR\OneDrive\Desktop\Quest2-wError\quest-2-sdl2-crack_the_hack_schacht_juarez-main\InprogressQuest\quest-2-sdl2-crack_the_hack_schacht_juarez-main\Level 1 Assignment\Source\ObjectFactory.h(13): message : see declaration of 'ObjectFactory'
C:\Users\SANDR\OneDrive\Desktop\Quest2-wError\quest-2-sdl2-crack_the_hack_schacht_juarez-main\InprogressQuest\quest-2-sdl2-crack_the_hack_schacht_juarez-main\Level 1 Assignment\Source\Object.h(22,46): error C2061: syntax error: identifier 'Initializers'
C:\Users\SANDR\OneDrive\Desktop\Quest2-wError\quest-2-sdl2-crack_the_hack_schacht_juarez-main\InprogressQuest\quest-2-sdl2-crack_the_hack_schacht_juarez-main\Level 1 Assignment\Source\Engine.h(9,1): error C2236: unexpected token 'class'. Did you forget a ';'?
C:\Users\SANDR\OneDrive\Desktop\Quest2-wError\quest-2-sdl2-crack_the_hack_schacht_juarez-main\InprogressQuest\quest-2-sdl2-crack_the_hack_schacht_juarez-main\Level 1 Assignment\Source\Engine.h(9,14): error C2059: syntax error: '{'
C:\Users\SANDR\OneDrive\Desktop\Quest2-wError\quest-2-sdl2-crack_the_hack_schacht_juarez-main\InprogressQuest\quest-2-sdl2-crack_the_hack_schacht_juarez-main\Level 1 Assignment\Source\Engine.h(9,14): error C2143: syntax error: missing ';' before '{'
C:\Users\SANDR\OneDrive\Desktop\Quest2-wError\quest-2-sdl2-crack_the_hack_schacht_juarez-main\InprogressQuest\quest-2-sdl2-crack_the_hack_schacht_juarez-main\Level 1 Assignment\Source\Engine.h(9,14): error C2447: '{': missing function header (old-style formal list?)
C:\Users\SANDR\OneDrive\Desktop\Quest2-wError\quest-2-sdl2-crack_the_hack_schacht_juarez-main\InprogressQuest\quest-2-sdl2-crack_the_hack_schacht_juarez-main\Level 1 Assignment\Source\InputDevice.h(8,18): error C2011: 'InputDevice': 'class' type redefinition
C:\Users\SANDR\OneDrive\Desktop\Quest2-wError\quest-2-sdl2-crack_the_hack_schacht_juarez-main\InprogressQuest\quest-2-sdl2-crack_the_hack_schacht_juarez-main\Level 1 Assignment\Source\InputDevice.h(8): message : see declaration of 'InputDevice'
C:\Users\SANDR\OneDrive\Desktop\Quest2-wError\quest-2-sdl2-crack_the_hack_schacht_juarez-main\InprogressQuest\quest-2-sdl2-crack_the_hack_schacht_juarez-main\Level 1 Assignment\Source\Source.cpp(18,18): error C2065: 'Engine': undeclared identifier
C:\Users\SANDR\OneDrive\Desktop\Quest2-wError\quest-2-sdl2-crack_the_hack_schacht_juarez-main\InprogressQuest\quest-2-sdl2-crack_the_hack_schacht_juarez-main\Level 1 Assignment\Source\Source.cpp(18,7): error C2923: 'std::unique_ptr': 'Engine' is not a valid template type argument for parameter '_Ty'
C:\Users\SANDR\OneDrive\Desktop\Quest2-wError\quest-2-sdl2-crack_the_hack_schacht_juarez-main\InprogressQuest\quest-2-sdl2-crack_the_hack_schacht_juarez-main\Level 1 Assignment\Source\Source.cpp(18,7): error C2976: 'std::unique_ptr': too few template arguments
C:\Program Files (x86)\Microsoft Visual Studio\2019\Community\VC\Tools\MSVC\14.28.29333\include\memory(2572): message : see declaration of 'std::unique_ptr'
C:\Users\SANDR\OneDrive\Desktop\Quest2-wError\quest-2-sdl2-crack_the_hack_schacht_juarez-main\InprogressQuest\quest-2-sdl2-crack_the_hack_schacht_juarez-main\Level 1 Assignment\Source\Source.cpp(18,51): error C2065: 'Engine': undeclared identifier
C:\Users\SANDR\OneDrive\Desktop\Quest2-wError\quest-2-sdl2-crack_the_hack_schacht_juarez-main\InprogressQuest\quest-2-sdl2-crack_the_hack_schacht_juarez-main\Level 1 Assignment\Source\Source.cpp(18,39): error C2672: 'std::make_unique': no matching overloaded function found
C:\Users\SANDR\OneDrive\Desktop\Quest2-wError\quest-2-sdl2-crack_the_hack_schacht_juarez-main\InprogressQuest\quest-2-sdl2-crack_the_hack_schacht_juarez-main\Level 1 Assignment\Source\Source.cpp(18,63): error C2974: 'std::make_unique': invalid template argument for '_Ty', type expected
C:\Program Files (x86)\Microsoft Visual Studio\2019\Community\VC\Tools\MSVC\14.28.29333\include\memory(2843): message : see declaration of 'std::make_unique'
C:\Users\SANDR\OneDrive\Desktop\Quest2-wError\quest-2-sdl2-crack_the_hack_schacht_juarez-main\InprogressQuest\quest-2-sdl2-crack_the_hack_schacht_juarez-main\Level 1 Assignment\Source\Source.cpp(18,32): error C2641: cannot deduce template arguments for 'std::unique_ptr'
C:\Users\SANDR\OneDrive\Desktop\Quest2-wError\quest-2-sdl2-crack_the_hack_schacht_juarez-main\InprogressQuest\quest-2-sdl2-crack_the_hack_schacht_juarez-main\Level 1 Assignment\Source\Source.cpp(18,65): error C2783: 'std::unique_ptr<_Ty,_Dx> std::unique_ptr(void) noexcept': could not deduce template argument for '_Ty'
C:\Program Files (x86)\Microsoft Visual Studio\2019\Community\VC\Tools\MSVC\14.28.29333\include\memory(2579): message : see declaration of 'std::unique_ptr'
C:\Users\SANDR\OneDrive\Desktop\Quest2-wError\quest-2-sdl2-crack_the_hack_schacht_juarez-main\InprogressQuest\quest-2-sdl2-crack_the_hack_schacht_juarez-main\Level 1 Assignment\Source\Source.cpp(18,65): error C2780: 'std::unique_ptr<_Ty,_Dx> std::unique_ptr(std::unique_ptr<_Ty,_Dx>)': expects 1 arguments - 0 provided
C:\Program Files (x86)\Microsoft Visual Studio\2019\Community\VC\Tools\MSVC\14.28.29333\include\memory(2572): message : see declaration of 'std::unique_ptr'
C:\Users\SANDR\OneDrive\Desktop\Quest2-wError\quest-2-sdl2-crack_the_hack_schacht_juarez-main\InprogressQuest\quest-2-sdl2-crack_the_hack_schacht_juarez-main\Level 1 Assignment\Source\Source.cpp(60,14): error C2027: use of undefined type 'InputDevice'
C:\Users\SANDR\OneDrive\Desktop\Quest2-wError\quest-2-sdl2-crack_the_hack_schacht_juarez-main\InprogressQuest\quest-2-sdl2-crack_the_hack_schacht_juarez-main\Level 1 Assignment\Source\InputDevice.h(8): message : see declaration of 'InputDevice'
C:\Users\SANDR\OneDrive\Desktop\Quest2-wError\quest-2-sdl2-crack_the_hack_schacht_juarez-main\InprogressQuest\quest-2-sdl2-crack_the_hack_schacht_juarez-main\Level 1 Assignment\Source\Source.cpp(60,16): error C2039: 'update': is not a member of 'std::unique_ptr<InputDevice,std::default_delete<InputDevice>>'
C:\Users\SANDR\OneDrive\Desktop\Quest2-wError\quest-2-sdl2-crack_the_hack_schacht_juarez-main\InprogressQuest\quest-2-sdl2-crack_the_hack_schacht_juarez-main\Level 1 Assignment\Source\Source.cpp(17): message : see declaration of 'std::unique_ptr<InputDevice,std::default_delete<InputDevice>>'
C:\Users\SANDR\OneDrive\Desktop\Quest2-wError\quest-2-sdl2-crack_the_hack_schacht_juarez-main\InprogressQuest\quest-2-sdl2-crack_the_hack_schacht_juarez-main\Level 1 Assignment\Source\Source.cpp(61,9): error C2678: binary '->': no operator found which takes a left-hand operand of type 'std::unique_ptr' (or there is no acceptable conversion)
C:\Program Files (x86)\Microsoft Visual Studio\2019\Community\VC\Tools\MSVC\14.28.29333\include\memory(2663,24): message : could be '_Get_deleter_pointer_type<_Ty,remove_reference<_Ty1>::type,void>::type std::unique_ptr<_Ty,_Dx>::operator ->(void) noexcept const'
C:\Users\SANDR\OneDrive\Desktop\Quest2-wError\quest-2-sdl2-crack_the_hack_schacht_juarez-main\InprogressQuest\quest-2-sdl2-crack_the_hack_schacht_juarez-main\Level 1 Assignment\Source\Source.cpp(61,9): message : while trying to match the argument list '(std::unique_ptr)'
C:\Users\SANDR\OneDrive\Desktop\Quest2-wError\quest-2-sdl2-crack_the_hack_schacht_juarez-main\InprogressQuest\quest-2-sdl2-crack_the_hack_schacht_juarez-main\Level 1 Assignment\Source\Source.cpp(61,11): error C2039: 'run': is not a member of 'std::unique_ptr'
C:\Program Files (x86)\Microsoft Visual Studio\2019\Community\VC\Tools\MSVC\14.28.29333\include\memory(2572): message : see declaration of 'std::unique_ptr'
  SpriteComponent.cpp
C:\Users\SANDR\OneDrive\Desktop\Quest2-wError\quest-2-sdl2-crack_the_hack_schacht_juarez-main\InprogressQuest\quest-2-sdl2-crack_the_hack_schacht_juarez-main\Level 1 Assignment\Source\Object.h(22,33): error C2039: 'Initializers': is not a member of 'ObjectFactory'
C:\Users\SANDR\OneDrive\Desktop\Quest2-wError\quest-2-sdl2-crack_the_hack_schacht_juarez-main\InprogressQuest\quest-2-sdl2-crack_the_hack_schacht_juarez-main\Level 1 Assignment\Source\ObjectFactory.h(13): message : see declaration of 'ObjectFactory'
C:\Users\SANDR\OneDrive\Desktop\Quest2-wError\quest-2-sdl2-crack_the_hack_schacht_juarez-main\InprogressQuest\quest-2-sdl2-crack_the_hack_schacht_juarez-main\Level 1 Assignment\Source\Object.h(22,46): error C2061: syntax error: identifier 'Initializers'
C:\Users\SANDR\OneDrive\Desktop\Quest2-wError\quest-2-sdl2-crack_the_hack_schacht_juarez-main\InprogressQuest\quest-2-sdl2-crack_the_hack_schacht_juarez-main\Level 1 Assignment\Source\Component.h(6,1): error C2236: unexpected token 'class'. Did you forget a ';'?
C:\Users\SANDR\OneDrive\Desktop\Quest2-wError\quest-2-sdl2-crack_the_hack_schacht_juarez-main\InprogressQuest\quest-2-sdl2-crack_the_hack_schacht_juarez-main\Level 1 Assignment\Source\SpriteComponent.cpp(70,44): error C2065: 'UserInput': undeclared identifier
C:\Users\SANDR\OneDrive\Desktop\Quest2-wError\quest-2-sdl2-crack_the_hack_schacht_juarez-main\InprogressQuest\quest-2-sdl2-crack_the_hack_schacht_juarez-main\Level 1 Assignment\Source\SpriteComponent.cpp(70,29): error C2672: 'Object::GetComponent': no matching overloaded function found
C:\Users\SANDR\OneDrive\Desktop\Quest2-wError\quest-2-sdl2-crack_the_hack_schacht_juarez-main\InprogressQuest\quest-2-sdl2-crack_the_hack_schacht_juarez-main\Level 1 Assignment\Source\SpriteComponent.cpp(70,55): error C2974: 'Object::GetComponent': invalid template argument for 'T', type expected
C:\Users\SANDR\OneDrive\Desktop\Quest2-wError\quest-2-sdl2-crack_the_hack_schacht_juarez-main\InprogressQuest\quest-2-sdl2-crack_the_hack_schacht_juarez-main\Level 1 Assignment\Source\Object.h(26): message : see declaration of 'Object::GetComponent'
C:\Users\SANDR\OneDrive\Desktop\Quest2-wError\quest-2-sdl2-crack_the_hack_schacht_juarez-main\InprogressQuest\quest-2-sdl2-crack_the_hack_schacht_juarez-main\Level 1 Assignment\Source\SpriteComponent.cpp(75,109): error C2065: 'font': undeclared identifier
C:\Users\SANDR\OneDrive\Desktop\Quest2-wError\quest-2-sdl2-crack_the_hack_schacht_juarez-main\InprogressQuest\quest-2-sdl2-crack_the_hack_schacht_juarez-main\Level 1 Assignment\Source\SpriteComponent.cpp(75,88): error C3861: 'TTF_RenderText_Solid': identifier not found
C:\Users\SANDR\OneDrive\Desktop\Quest2-wError\quest-2-sdl2-crack_the_hack_schacht_juarez-main\InprogressQuest\quest-2-sdl2-crack_the_hack_schacht_juarez-main\Level 1 Assignment\Source\SpriteComponent.cpp(80,35): warning C4838: conversion from 'Uint32' to 'int' requires a narrowing conversion
C:\Users\SANDR\OneDrive\Desktop\Quest2-wError\quest-2-sdl2-crack_the_hack_schacht_juarez-main\InprogressQuest\quest-2-sdl2-crack_the_hack_schacht_juarez-main\Level 1 Assignment\Source\SpriteComponent.cpp(80,64): warning C4838: conversion from 'Uint32' to 'int' requires a narrowing conversion
  Texture.cpp
  UserInputComponent.cpp
C:\Users\SANDR\OneDrive\Desktop\Quest2-wError\quest-2-sdl2-crack_the_hack_schacht_juarez-main\InprogressQuest\quest-2-sdl2-crack_the_hack_schacht_juarez-main\Level 1 Assignment\Source\UserInputComponent.h(21,7): error C2039: 'string': is not a member of 'std'
C:\Program Files (x86)\Microsoft Visual Studio\2019\Community\VC\Tools\MSVC\14.28.29333\include\vector(24): message : see declaration of 'std'
C:\Users\SANDR\OneDrive\Desktop\Quest2-wError\quest-2-sdl2-crack_the_hack_schacht_juarez-main\InprogressQuest\quest-2-sdl2-crack_the_hack_schacht_juarez-main\Level 1 Assignment\Source\UserInputComponent.h(21,24): error C3646: 'getCommand': unknown override specifier
C:\Users\SANDR\OneDrive\Desktop\Quest2-wError\quest-2-sdl2-crack_the_hack_schacht_juarez-main\InprogressQuest\quest-2-sdl2-crack_the_hack_schacht_juarez-main\Level 1 Assignment\Source\UserInputComponent.h(21,24): error C2059: syntax error: '('
C:\Users\SANDR\OneDrive\Desktop\Quest2-wError\quest-2-sdl2-crack_the_hack_schacht_juarez-main\InprogressQuest\quest-2-sdl2-crack_the_hack_schacht_juarez-main\Level 1 Assignment\Source\UserInputComponent.h(21,27): error C2334: unexpected token(s) preceding '{'; skipping apparent function body
C:\Users\SANDR\OneDrive\Desktop\Quest2-wError\quest-2-sdl2-crack_the_hack_schacht_juarez-main\InprogressQuest\quest-2-sdl2-crack_the_hack_schacht_juarez-main\Level 1 Assignment\Source\UserInputComponent.h(27,7): error C2039: 'string': is not a member of 'std'
C:\Program Files (x86)\Microsoft Visual Studio\2019\Community\VC\Tools\MSVC\14.28.29333\include\vector(24): message : see declaration of 'std'
C:\Users\SANDR\OneDrive\Desktop\Quest2-wError\quest-2-sdl2-crack_the_hack_schacht_juarez-main\InprogressQuest\quest-2-sdl2-crack_the_hack_schacht_juarez-main\Level 1 Assignment\Source\UserInputComponent.h(27,21): error C3646: 'command': unknown override specifier
C:\Users\SANDR\OneDrive\Desktop\Quest2-wError\quest-2-sdl2-crack_the_hack_schacht_juarez-main\InprogressQuest\quest-2-sdl2-crack_the_hack_schacht_juarez-main\Level 1 Assignment\Source\UserInputComponent.h(27,21): error C4430: missing type specifier - int assumed. Note: C++ does not support default-int
C:\Users\SANDR\OneDrive\Desktop\Quest2-wError\quest-2-sdl2-crack_the_hack_schacht_juarez-main\InprogressQuest\quest-2-sdl2-crack_the_hack_schacht_juarez-main\Level 1 Assignment\Source\SpriteComponent.h(19,40): error C2039: 'string': is not a member of 'std'
C:\Program Files (x86)\Microsoft Visual Studio\2019\Community\VC\Tools\MSVC\14.28.29333\include\vector(24): message : see declaration of 'std'
C:\Users\SANDR\OneDrive\Desktop\Quest2-wError\quest-2-sdl2-crack_the_hack_schacht_juarez-main\InprogressQuest\quest-2-sdl2-crack_the_hack_schacht_juarez-main\Level 1 Assignment\Source\SpriteComponent.h(19,46): error C2061: syntax error: identifier 'string'
C:\Users\SANDR\OneDrive\Desktop\Quest2-wError\quest-2-sdl2-crack_the_hack_schacht_juarez-main\InprogressQuest\quest-2-sdl2-crack_the_hack_schacht_juarez-main\Level 1 Assignment\Source\Object.h(22,33): error C2039: 'Initializers': is not a member of 'ObjectFactory'
C:\Users\SANDR\OneDrive\Desktop\Quest2-wError\quest-2-sdl2-crack_the_hack_schacht_juarez-main\InprogressQuest\quest-2-sdl2-crack_the_hack_schacht_juarez-main\Level 1 Assignment\Source\ObjectFactory.h(13): message : see declaration of 'ObjectFactory'
C:\Users\SANDR\OneDrive\Desktop\Quest2-wError\quest-2-sdl2-crack_the_hack_schacht_juarez-main\InprogressQuest\quest-2-sdl2-crack_the_hack_schacht_juarez-main\Level 1 Assignment\Source\Object.h(22,46): error C2061: syntax error: identifier 'Initializers'
C:\Users\SANDR\OneDrive\Desktop\Quest2-wError\quest-2-sdl2-crack_the_hack_schacht_juarez-main\InprogressQuest\quest-2-sdl2-crack_the_hack_schacht_juarez-main\Level 1 Assignment\Source\UserInputComponent.cpp(5,21): error C2533: 'UserInputComponent::{ctor}': constructors not allowed a return type
C:\Users\SANDR\OneDrive\Desktop\Quest2-wError\quest-2-sdl2-crack_the_hack_schacht_juarez-main\InprogressQuest\quest-2-sdl2-crack_the_hack_schacht_juarez-main\Level 1 Assignment\Source\UserInputComponent.cpp(27,4): error C2065: 'command': undeclared identifier
C:\Users\SANDR\OneDrive\Desktop\Quest2-wError\quest-2-sdl2-crack_the_hack_schacht_juarez-main\InprogressQuest\quest-2-sdl2-crack_the_hack_schacht_juarez-main\Level 1 Assignment\Source\UserInputComponent.cpp(31,4): error C2065: 'command': undeclared identifier
C:\Users\SANDR\OneDrive\Desktop\Quest2-wError\quest-2-sdl2-crack_the_hack_schacht_juarez-main\InprogressQuest\quest-2-sdl2-crack_the_hack_schacht_juarez-main\Level 1 Assignment\Source\UserInputComponent.cpp(36,4): error C2065: 'command': undeclared identifier
C:\Users\SANDR\OneDrive\Desktop\Quest2-wError\quest-2-sdl2-crack_the_hack_schacht_juarez-main\InprogressQuest\quest-2-sdl2-crack_the_hack_schacht_juarez-main\Level 1 Assignment\Source\UserInputComponent.cpp(41,4): error C2065: 'command': undeclared identifier
  Generating Code...
  Compiling...
  View.cpp
  Generating Code...
